2023-12-07 22:08:54,116 [INFO] Activator:176 - 


2023-12-07 22:08:54,124 [INFO] Activator:177 - !SESSION log4j initialized
2023-12-07 22:09:03,495 [INFO] LogOutputStream:77 - [STDOUT_REDIRECT] 
2023-12-07 22:09:06,689 [INFO] ApplicationProperties:184 - Using Application install path: C:\ST\STM32CubeIDE_1.13.2\STM32CubeIDE\plugins\com.st.stm32cube.common.mx_6.9.2.202309101412
2023-12-07 22:09:06,714 [INFO] DbMcusXml:78 - Set database path to: C:\ST\STM32CubeIDE_1.13.2\STM32CubeIDE\plugins\com.st.stm32cube.common.mx_6.9.2.202309101412\\db\/mcu/
2023-12-07 22:09:06,715 [INFO] ApiDb:274 - Set plugin database path to: C:\ST\STM32CubeIDE_1.13.2\STM32CubeIDE\plugins\com.st.stm32cube.common.mx_6.9.2.202309101412\\db\/plugins/boardmanager/
2023-12-07 22:09:06,716 [WARN] ApiDb:259 - Overriding images path with different value:  => C:\ST\STM32CubeIDE_1.13.2\STM32CubeIDE\plugins\com.st.stm32cube.common.mx_6.9.2.202309101412\\db\/plugins/mcufinder/images/
2023-12-07 22:09:06,734 [INFO] ApiDb:250 - Set database path to: C:\Users\HP\.stmcufinder\plugins\mcufinder//mcu/
2023-12-07 22:09:06,736 [INFO] DbMcusAds:125 - Set database path to: C:\Users\HP\.stmcufinder\plugins\mcufinder//mcu/
2023-12-07 22:09:06,738 [INFO] CrossReferenceDbSqlite:203 - Set database path to: C:\Users\HP\.stmcufinder\plugins\mcufinder//mcu/cs/
2023-12-07 22:09:06,917 [INFO] RulesReader:64 - Compatibility file has been processed (293 Rules)
2023-12-07 22:09:07,045 [INFO] DbMcusXml:78 - Set database path to: C:\ST\STM32CubeIDE_1.13.2\STM32CubeIDE\plugins\com.st.stm32cube.common.mx_6.9.2.202309101412\\db\/mcu/
2023-12-07 22:09:07,046 [INFO] ApiDb:274 - Set plugin database path to: C:\ST\STM32CubeIDE_1.13.2\STM32CubeIDE\plugins\com.st.stm32cube.common.mx_6.9.2.202309101412\\db\/plugins/boardmanager/
2023-12-07 22:09:07,046 [INFO] ApiDb:261 - Set plugin images path to: C:\ST\STM32CubeIDE_1.13.2\STM32CubeIDE\plugins\com.st.stm32cube.common.mx_6.9.2.202309101412\\db\/plugins/mcufinder/images/
2023-12-07 22:09:07,048 [WARN] DbFile:41 - Overriding database path with different value: C:\Users\HP\.stmcufinder\plugins\mcufinder/ => C:\Users\HP\.stmcufinder\plugins\mcufinder
2023-12-07 22:09:07,048 [INFO] ApiDb:250 - Set database path to: C:\Users\HP\.stmcufinder\plugins\mcufinder//mcu/
2023-12-07 22:09:07,048 [WARN] DbFile:41 - Overriding database path with different value: C:\Users\HP\.stmcufinder\plugins\mcufinder/ => C:\Users\HP\.stmcufinder\plugins\mcufinder
2023-12-07 22:09:07,049 [INFO] DbMcusAds:125 - Set database path to: C:\Users\HP\.stmcufinder\plugins\mcufinder//mcu/
2023-12-07 22:09:07,049 [WARN] DbFile:41 - Overriding database path with different value: C:\Users\HP\.stmcufinder\plugins\mcufinder/ => C:\Users\HP\.stmcufinder\plugins\mcufinder
2023-12-07 22:09:07,049 [WARN] DbFile:41 - Overriding database path with different value: C:\Users\HP\.stmcufinder\plugins\mcufinder/ => C:\Users\HP\.stmcufinder\plugins\mcufinder
2023-12-07 22:09:07,049 [INFO] CrossReferenceDbSqlite:203 - Set database path to: C:\Users\HP\.stmcufinder\plugins\mcufinder//mcu/cs/
2023-12-07 22:09:07,177 [INFO] MainPanel:262 - HeapMemory: 268435456
2023-12-07 22:09:07,344 [INFO] DbMcusXml:78 - Set database path to: C:\ST\STM32CubeIDE_1.13.2\STM32CubeIDE\plugins\com.st.stm32cube.common.mx_6.9.2.202309101412\\db\/mcu/
2023-12-07 22:09:07,344 [INFO] ApiDb:274 - Set plugin database path to: C:\ST\STM32CubeIDE_1.13.2\STM32CubeIDE\plugins\com.st.stm32cube.common.mx_6.9.2.202309101412\\db\/plugins/boardmanager/
2023-12-07 22:09:07,344 [INFO] ApiDb:261 - Set plugin images path to: C:\ST\STM32CubeIDE_1.13.2\STM32CubeIDE\plugins\com.st.stm32cube.common.mx_6.9.2.202309101412\\db\/plugins/mcufinder/images/
2023-12-07 22:09:07,345 [WARN] DbFile:41 - Overriding database path with different value: C:\Users\HP\.stmcufinder\plugins\mcufinder/ => C:\Users\HP\.stmcufinder\plugins\mcufinder
2023-12-07 22:09:07,345 [INFO] ApiDb:250 - Set database path to: C:\Users\HP\.stmcufinder\plugins\mcufinder//mcu/
2023-12-07 22:09:07,345 [WARN] DbFile:41 - Overriding database path with different value: C:\Users\HP\.stmcufinder\plugins\mcufinder/ => C:\Users\HP\.stmcufinder\plugins\mcufinder
2023-12-07 22:09:07,345 [INFO] DbMcusAds:125 - Set database path to: C:\Users\HP\.stmcufinder\plugins\mcufinder//mcu/
2023-12-07 22:09:07,346 [WARN] DbFile:41 - Overriding database path with different value: C:\Users\HP\.stmcufinder\plugins\mcufinder/ => C:\Users\HP\.stmcufinder\plugins\mcufinder
2023-12-07 22:09:07,346 [WARN] DbFile:41 - Overriding database path with different value: C:\Users\HP\.stmcufinder\plugins\mcufinder/ => C:\Users\HP\.stmcufinder\plugins\mcufinder
2023-12-07 22:09:07,346 [INFO] CrossReferenceDbSqlite:203 - Set database path to: C:\Users\HP\.stmcufinder\plugins\mcufinder//mcu/cs/
2023-12-07 22:09:07,374 [INFO] ApplicationProperties:184 - Using Application install path: C:\ST\STM32CubeIDE_1.13.2\STM32CubeIDE\plugins\com.st.stm32cube.common.mx_6.9.2.202309101412
2023-12-07 22:09:07,376 [INFO] PluginManage:196 - Search for loadable plugins [exclusion list=, ]
2023-12-07 22:09:07,379 [INFO] PluginManage:310 - Check plugin analytics
2023-12-07 22:09:07,608 [INFO] AnalyticsPlugin:253 - Accepted Software Licenses: 
2023-12-07 22:09:07,608 [INFO] AnalyticsPlugin:255 - Accepted CMSIS Pack Licenses: 
2023-12-07 22:09:07,609 [INFO] AnalyticsPlugin:257 - Accepted Firmware Licenses: FW.F4.1.27.0
2023-12-07 22:09:07,613 [INFO] PluginManage:359 - Loaded plugin analytics (category:tool,tabindex:-1)
2023-12-07 22:09:07,614 [INFO] PluginManage:310 - Check plugin cadmodel
2023-12-07 22:09:07,640 [INFO] CADModel:105 - Init CAD model plugin
2023-12-07 22:09:07,640 [INFO] PluginManage:359 - Loaded plugin cadmodel (category:power,tabindex:5)
2023-12-07 22:09:07,641 [INFO] PluginManage:310 - Check plugin clock
2023-12-07 22:09:07,667 [INFO] PluginManage:359 - Loaded plugin clock (category:base,tabindex:2)
2023-12-07 22:09:07,667 [INFO] PluginManage:310 - Check plugin ddr
2023-12-07 22:09:07,670 [INFO] PluginManage:359 - Loaded plugin ddr (category:tool,tabindex:6)
2023-12-07 22:09:07,670 [INFO] PluginManage:310 - Check plugin filemanager
2023-12-07 22:09:07,872 [INFO] PluginManage:359 - Loaded plugin filemanager (category:base,tabindex:10)
2023-12-07 22:09:07,873 [INFO] PluginManage:310 - Check plugin ipmanager
2023-12-07 22:09:07,883 [INFO] PluginManage:359 - Loaded plugin ipmanager (category:base,tabindex:5)
2023-12-07 22:09:07,883 [INFO] PluginManage:310 - Check plugin lpbam
2023-12-07 22:09:07,904 [INFO] PluginManage:359 - Loaded plugin lpbam (category:base,tabindex:0)
2023-12-07 22:09:07,905 [INFO] PluginManage:310 - Check plugin memorymap
2023-12-07 22:09:07,934 [INFO] PluginManage:359 - Loaded plugin memorymap (category:base,tabindex:4)
2023-12-07 22:09:07,935 [INFO] PluginManage:310 - Check plugin pinoutandconfiguration
2023-12-07 22:09:07,957 [INFO] PluginManage:359 - Loaded plugin pinoutandconfiguration (category:base,tabindex:1)
2023-12-07 22:09:07,957 [INFO] PluginManage:310 - Check plugin pinoutconfig
2023-12-07 22:09:08,094 [WARN] SupportedApi:132 - Cannot load RTOS API schema: s4s-elt-must-match.1: The content of 'definitions' must match (annotation?, (simpleType | complexType)?, (unique | key | keyref)*)). A problem was found starting at: attribute.
2023-12-07 22:09:08,280 [INFO] PluginManage:359 - Loaded plugin pinoutconfig (category:base,tabindex:0)
2023-12-07 22:09:08,280 [INFO] PluginManage:310 - Check plugin power
2023-12-07 22:09:08,316 [INFO] PluginManage:359 - Loaded plugin power (category:power,tabindex:4)
2023-12-07 22:09:08,317 [INFO] PluginManage:310 - Check plugin projectmanager
2023-12-07 22:09:08,340 [INFO] PluginManage:359 - Loaded plugin projectmanager (category:projectmanager,tabindex:3)
2023-12-07 22:09:08,340 [INFO] PluginManage:310 - Check plugin thirdparty
2023-12-07 22:09:08,766 [WARN] IntegrityCheckThread:84 - waiting for thirdparty lock release [integrity check]
2023-12-07 22:09:08,767 [INFO] PluginManage:359 - Loaded plugin thirdparty (category:base,tabindex:-1)
2023-12-07 22:09:08,767 [INFO] IntegrityCheckThread:86 - entering critical section [integrity check]
2023-12-07 22:09:08,767 [INFO] PluginManage:310 - Check plugin tools
2023-12-07 22:09:08,768 [INFO] ThirdPartyUpdaterWithRetryManager:70 - Updater plugin not ready yet. [1/15]
2023-12-07 22:09:08,808 [INFO] PluginManage:359 - Loaded plugin tools (category:base,tabindex:7)
2023-12-07 22:09:08,808 [INFO] PluginManage:310 - Check plugin tutovideos
2023-12-07 22:09:09,069 [INFO] PluginManage:359 - Loaded plugin tutovideos (category:base,tabindex:-1)
2023-12-07 22:09:09,070 [INFO] PluginManage:310 - Check plugin updater
2023-12-07 22:09:09,087 [INFO] PluginManage:359 - Loaded plugin updater (category:base,tabindex:12)
2023-12-07 22:09:09,087 [INFO] PluginManage:310 - Check plugin userauth
2023-12-07 22:09:09,095 [INFO] UserAuth:113 - Init User Auth plugin
2023-12-07 22:09:09,095 [INFO] PluginManage:359 - Loaded plugin userauth (category:base,tabindex:14)
2023-12-07 22:09:09,095 [INFO] PluginManage:283 - PluginManage : Loaded plugins [17]
2023-12-07 22:09:09,434 [INFO] PinOutPanel:1499 - setPackage(No Configuration,No Configuration)
2023-12-07 22:09:09,604 [INFO] CADModel:165 - CPN selected for project level
2023-12-07 22:09:09,604 [INFO] CADModel:114 - Register for checkConnection events
2023-12-07 22:09:09,639 [INFO] IPUIPlugin:80 - create IPUIPlugin
2023-12-07 22:09:09,639 [INFO] PluginManager:220 - loadIPPluginJar : add adc
2023-12-07 22:09:09,680 [INFO] IPUIPlugin:80 - create IPUIPlugin
2023-12-07 22:09:09,681 [INFO] PluginManager:220 - loadIPPluginJar : add aes
2023-12-07 22:09:09,728 [INFO] IPUIPlugin:80 - create IPUIPlugin
2023-12-07 22:09:09,728 [INFO] PluginManager:220 - loadIPPluginJar : add can
2023-12-07 22:09:09,754 [INFO] IPUIPlugin:80 - create IPUIPlugin
2023-12-07 22:09:09,754 [INFO] PluginManager:220 - loadIPPluginJar : add comp
2023-12-07 22:09:09,798 [INFO] IPUIPlugin:80 - create IPUIPlugin
2023-12-07 22:09:09,798 [INFO] PluginManager:220 - loadIPPluginJar : add cryp
2023-12-07 22:09:09,837 [INFO] IPUIPlugin:80 - create IPUIPlugin
2023-12-07 22:09:09,837 [INFO] PluginManager:220 - loadIPPluginJar : add dfsdm
2023-12-07 22:09:09,854 [INFO] IPUIPlugin:80 - create IPUIPlugin
2023-12-07 22:09:09,855 [INFO] PluginManager:220 - loadIPPluginJar : add dma
2023-12-07 22:09:09,910 [INFO] IPUIPlugin:80 - create IPUIPlugin
2023-12-07 22:09:09,910 [INFO] PluginManager:220 - loadIPPluginJar : add dma3
2023-12-07 22:09:09,936 [INFO] IPUIPlugin:80 - create IPUIPlugin
2023-12-07 22:09:09,936 [INFO] PluginManager:220 - loadIPPluginJar : add fatfs
2023-12-07 22:09:09,991 [INFO] IPUIPlugin:80 - create IPUIPlugin
2023-12-07 22:09:09,991 [INFO] PluginManager:220 - loadIPPluginJar : add fmc
2023-12-07 22:09:10,010 [INFO] IPUIPlugin:80 - create IPUIPlugin
2023-12-07 22:09:10,010 [INFO] PluginManager:220 - loadIPPluginJar : add freertos
2023-12-07 22:09:10,032 [INFO] IPUIPlugin:80 - create IPUIPlugin
2023-12-07 22:09:10,032 [INFO] PluginManager:220 - loadIPPluginJar : add genericplugin
2023-12-07 22:09:10,141 [INFO] IPUIPlugin:80 - create IPUIPlugin
2023-12-07 22:09:10,141 [INFO] PluginManager:220 - loadIPPluginJar : add gfxmmu
2023-12-07 22:09:10,299 [INFO] IPUIPlugin:80 - create IPUIPlugin
2023-12-07 22:09:10,300 [INFO] PluginManager:220 - loadIPPluginJar : add gic
2023-12-07 22:09:10,319 [INFO] IPUIPlugin:80 - create IPUIPlugin
2023-12-07 22:09:10,319 [INFO] PluginManager:220 - loadIPPluginJar : add gpio
2023-12-07 22:09:10,434 [INFO] IPUIPlugin:80 - create IPUIPlugin
2023-12-07 22:09:10,434 [INFO] PluginManager:220 - loadIPPluginJar : add gtzc
2023-12-07 22:09:10,471 [INFO] IPUIPlugin:80 - create IPUIPlugin
2023-12-07 22:09:10,471 [INFO] PluginManager:220 - loadIPPluginJar : add hash
2023-12-07 22:09:10,534 [INFO] IPUIPlugin:80 - create IPUIPlugin
2023-12-07 22:09:10,534 [INFO] PluginManager:220 - loadIPPluginJar : add i2c
2023-12-07 22:09:10,579 [INFO] IPUIPlugin:80 - create IPUIPlugin
2023-12-07 22:09:10,580 [INFO] PluginManager:220 - loadIPPluginJar : add i2s
2023-12-07 22:09:10,629 [INFO] IPUIPlugin:80 - create IPUIPlugin
2023-12-07 22:09:10,630 [INFO] PluginManager:220 - loadIPPluginJar : add i3c
2023-12-07 22:09:10,754 [INFO] IPUIPlugin:80 - create IPUIPlugin
2023-12-07 22:09:10,755 [INFO] PluginManager:220 - loadIPPluginJar : add ipddr
2023-12-07 22:09:10,871 [INFO] IPUIPlugin:80 - create IPUIPlugin
2023-12-07 22:09:10,872 [INFO] PluginManager:220 - loadIPPluginJar : add linkedlist
2023-12-07 22:09:10,913 [INFO] IPUIPlugin:80 - create IPUIPlugin
2023-12-07 22:09:10,914 [INFO] PluginManager:220 - loadIPPluginJar : add lorawan
2023-12-07 22:09:10,957 [INFO] IPUIPlugin:80 - create IPUIPlugin
2023-12-07 22:09:10,957 [INFO] PluginManager:220 - loadIPPluginJar : add ltdc
2023-12-07 22:09:10,975 [INFO] IPUIPlugin:80 - create IPUIPlugin
2023-12-07 22:09:10,975 [INFO] PluginManager:220 - loadIPPluginJar : add mdma
2023-12-07 22:09:10,990 [INFO] IPUIPlugin:80 - create IPUIPlugin
2023-12-07 22:09:10,990 [INFO] PluginManager:220 - loadIPPluginJar : add nvic
2023-12-07 22:09:11,030 [INFO] IPUIPlugin:80 - create IPUIPlugin
2023-12-07 22:09:11,030 [INFO] PluginManager:220 - loadIPPluginJar : add opamp
2023-12-07 22:09:11,101 [INFO] IPUIPlugin:80 - create IPUIPlugin
2023-12-07 22:09:11,101 [INFO] PluginManager:220 - loadIPPluginJar : add openamp
2023-12-07 22:09:11,153 [INFO] IPUIPlugin:80 - create IPUIPlugin
2023-12-07 22:09:11,153 [INFO] PluginManager:220 - loadIPPluginJar : add pdm2pcm
2023-12-07 22:09:11,171 [INFO] IPUIPlugin:80 - create IPUIPlugin
2023-12-07 22:09:11,173 [INFO] PluginManager:220 - loadIPPluginJar : add plateformsettings
2023-12-07 22:09:11,202 [INFO] IPUIPlugin:80 - create IPUIPlugin
2023-12-07 22:09:11,203 [INFO] PluginManager:220 - loadIPPluginJar : add quadspi
2023-12-07 22:09:11,218 [INFO] IPUIPlugin:80 - create IPUIPlugin
2023-12-07 22:09:11,218 [INFO] PluginManager:220 - loadIPPluginJar : add resmgrutility
2023-12-07 22:09:11,274 [INFO] IPUIPlugin:80 - create IPUIPlugin
2023-12-07 22:09:11,275 [INFO] PluginManager:220 - loadIPPluginJar : add sai
2023-12-07 22:09:11,319 [INFO] IPUIPlugin:80 - create IPUIPlugin
2023-12-07 22:09:11,319 [INFO] PluginManager:220 - loadIPPluginJar : add spi
2023-12-07 22:09:11,384 [INFO] IPUIPlugin:80 - create IPUIPlugin
2023-12-07 22:09:11,385 [INFO] PluginManager:220 - loadIPPluginJar : add stm32_wpan
2023-12-07 22:09:11,410 [INFO] IPUIPlugin:80 - create IPUIPlugin
2023-12-07 22:09:11,411 [INFO] PluginManager:220 - loadIPPluginJar : add tim
2023-12-07 22:09:11,475 [INFO] IPUIPlugin:80 - create IPUIPlugin
2023-12-07 22:09:11,475 [INFO] PluginManager:220 - loadIPPluginJar : add touchsensing
2023-12-07 22:09:11,500 [INFO] IPUIPlugin:80 - create IPUIPlugin
2023-12-07 22:09:11,501 [INFO] PluginManager:220 - loadIPPluginJar : add tracer_emb
2023-12-07 22:09:11,527 [INFO] IPUIPlugin:80 - create IPUIPlugin
2023-12-07 22:09:11,527 [INFO] PluginManager:220 - loadIPPluginJar : add ts
2023-12-07 22:09:11,552 [INFO] IPUIPlugin:80 - create IPUIPlugin
2023-12-07 22:09:11,552 [INFO] PluginManager:220 - loadIPPluginJar : add tsc
2023-12-07 22:09:11,577 [INFO] IPUIPlugin:80 - create IPUIPlugin
2023-12-07 22:09:11,577 [INFO] PluginManager:220 - loadIPPluginJar : add ucpd
2023-12-07 22:09:11,628 [INFO] IPUIPlugin:80 - create IPUIPlugin
2023-12-07 22:09:11,628 [INFO] PluginManager:220 - loadIPPluginJar : add usart
2023-12-07 22:09:11,679 [INFO] IPUIPlugin:80 - create IPUIPlugin
2023-12-07 22:09:11,680 [INFO] PluginManager:220 - loadIPPluginJar : add usbx
2023-12-07 22:09:11,770 [INFO] ThirdPartyUpdaterWithRetryManager:70 - Updater plugin not ready yet. [2/15]
2023-12-07 22:09:11,825 [INFO] CADModel:165 - CPN selected for project level
2023-12-07 22:09:11,826 [INFO] CADModel:114 - Register for checkConnection events
2023-12-07 22:09:11,826 [FATAL] Updater:308 - Updater called before beeing initialized
2023-12-07 22:09:11,826 [ERROR] CADModel:125 - Updater not yet initialized, retry later 
2023-12-07 22:09:12,091 [INFO] CADModel:165 - CPN selected for project level
2023-12-07 22:09:12,091 [INFO] CADModel:114 - Register for checkConnection events
2023-12-07 22:09:12,091 [FATAL] Updater:308 - Updater called before beeing initialized
2023-12-07 22:09:12,091 [ERROR] CADModel:125 - Updater not yet initialized, retry later 
2023-12-07 22:09:12,097 [FATAL] Updater:308 - Updater called before beeing initialized
2023-12-07 22:09:12,257 [FATAL] Updater:308 - Updater called before beeing initialized
2023-12-07 22:09:12,279 [INFO] DbMcusAds:53 - JSON generation date=Tue Mar 07 14:50:55 BDT 2023 (1678179055335)
2023-12-07 22:09:12,279 [FATAL] Updater:308 - Updater called before beeing initialized
2023-12-07 22:09:12,401 [WARN] DetailPanel:346 - Failed to get advertising image, set to default
2023-12-07 22:09:12,521 [FATAL] Updater:308 - Updater called before beeing initialized
2023-12-07 22:09:12,524 [FATAL] Updater:308 - Updater called before beeing initialized
2023-12-07 22:09:12,524 [FATAL] Updater:308 - Updater called before beeing initialized
2023-12-07 22:09:12,524 [WARN] DetailPanel:346 - Failed to get advertising image, set to default
2023-12-07 22:09:12,525 [FATAL] Updater:308 - Updater called before beeing initialized
2023-12-07 22:09:12,616 [ERROR] Updater:1120 - MainUpdater not yet initialized. External WinMGr cannot be set.
2023-12-07 22:09:12,633 [INFO] Updater:1056 - Updater Version found : 6.9.2
2023-12-07 22:09:12,657 [INFO] ApplicationProperties:184 - Using Application install path: C:\ST\STM32CubeIDE_1.13.2\STM32CubeIDE\plugins\com.st.stm32cube.common.mx_6.9.2.202309101412
2023-12-07 22:09:13,030 [INFO] MainUpdater:2868 - connection check result : 10
2023-12-07 22:09:13,033 [INFO] MainUpdater:285 - Updater Check For Update Now.
2023-12-07 22:09:13,033 [INFO] MicroXplorer:498 - Change Database Version : DB.6.0.92
2023-12-07 22:09:13,086 [INFO] McuFinderGlobals:63 - Set McuFinder mode to 2 (CubeIDE integrated)
2023-12-07 22:09:13,340 [INFO] CheckServerUpdateThread:120 - End of CheckServer Thread
2023-12-07 22:09:15,011 [WARN] PackLoader:240 - Cannot read IP mode file for STMicroelectronics.X-CUBE-SMBUS.2.1.0
2023-12-07 22:09:15,085 [WARN] PackLoader:240 - Cannot read IP mode file for STMicroelectronics.X-CUBE-AZRTOS-F7.1.1.0
2023-12-07 22:09:15,116 [WARN] PackLoader:240 - Cannot read IP mode file for STMicroelectronics.FP-SNS-MOTENV1.4.3.2
2023-12-07 22:09:15,138 [WARN] PackLoader:240 - Cannot read IP mode file for STMicroelectronics.FP-SNS-FLIGHT1.5.0.2
2023-12-07 22:09:15,166 [WARN] PackLoader:240 - Cannot read IP mode file for STMicroelectronics.X-CUBE-DISPLAY.3.0.0
2023-12-07 22:09:15,198 [WARN] PackLoader:240 - Cannot read IP mode file for STMicroelectronics.X-CUBE-BLE1.7.0.0
2023-12-07 22:09:15,226 [WARN] PackLoader:240 - Cannot read IP mode file for emotas.I-CUBE-CANOPEN.1.3.0
2023-12-07 22:09:15,269 [WARN] PackLoader:240 - Cannot read IP mode file for STMicroelectronics.X-CUBE-TOUCHGFX.4.22.1
2023-12-07 22:09:15,299 [WARN] PackLoader:240 - Cannot read IP mode file for STMicroelectronics.FP-SNS-SMARTAG2.1.2.0
2023-12-07 22:09:15,348 [INFO] LogOutputStream:77 - [STDOUT_REDIRECT] 1 : Invalid condition id : UX_CORESTACK_Condition cause : null
2023-12-07 22:09:15,349 [INFO] LogOutputStream:77 - [STDOUT_REDIRECT] 1 : Invalid condition id : UX_CORESTACK_Condition cause : null
2023-12-07 22:09:15,351 [INFO] LogOutputStream:77 - [STDOUT_REDIRECT] 1 : Invalid condition id : UX_CORESTACK_Condition cause : null
2023-12-07 22:09:15,354 [INFO] LogOutputStream:77 - [STDOUT_REDIRECT] 1 : Invalid condition id : UX_CORESTACK_Condition cause : null
2023-12-07 22:09:15,356 [INFO] LogOutputStream:77 - [STDOUT_REDIRECT] 1 : Invalid condition id : UX_CORESTACK_Condition cause : null
2023-12-07 22:09:15,375 [WARN] PackLoader:240 - Cannot read IP mode file for STMicroelectronics.X-CUBE-AZRTOS-WL.2.0.0
2023-12-07 22:09:15,459 [WARN] PackLoader:240 - Cannot read IP mode file for WES.I-CUBE-Cesium.1.3.0
2023-12-07 22:09:15,642 [WARN] PackLoader:240 - Cannot read IP mode file for STMicroelectronics.X-CUBE-BLE2.3.3.0
2023-12-07 22:09:15,679 [WARN] PackLoader:240 - Cannot read IP mode file for STMicroelectronics.X-CUBE-ALGOBUILD.1.3.0
2023-12-07 22:09:15,730 [WARN] PackLoader:240 - Cannot read IP mode file for STMicroelectronics.X-CUBE-AZRTOS-G0.1.1.0
2023-12-07 22:09:15,754 [WARN] PackLoader:240 - Cannot read IP mode file for STMicroelectronics.X-CUBE-NFC4.3.0.0
2023-12-07 22:09:15,784 [WARN] PackLoader:240 - Cannot read IP mode file for STMicroelectronics.X-CUBE-BLEMGR.3.0.0
2023-12-07 22:09:15,805 [WARN] PackLoader:240 - Cannot read IP mode file for STMicroelectronics.FP-ATR-SIGFOX1.3.2.0
2023-12-07 22:09:15,825 [WARN] PackLoader:240 - Cannot read IP mode file for STMicroelectronics.X-CUBE-GNSS1.6.0.0
2023-12-07 22:09:15,872 [WARN] PackLoader:240 - Cannot read IP mode file for STMicroelectronics.X-CUBE-AZRTOS-F4.1.1.0
2023-12-07 22:09:15,896 [WARN] PackLoader:240 - Cannot read IP mode file for wolfSSL.I-CUBE-wolfSSL.5.6.3
2023-12-07 22:09:15,972 [WARN] PackLoader:240 - Cannot read IP mode file for STMicroelectronics.X-CUBE-AZRTOS-L5.2.0.0
2023-12-07 22:09:16,082 [WARN] PackLoader:240 - Cannot read IP mode file for STMicroelectronics.X-CUBE-EEPRMA1.4.2.0
2023-12-07 22:09:16,148 [WARN] PackLoader:240 - Cannot read IP mode file for ITTIA_DB.I-CUBE-ITTIADB.8.8.0
2023-12-07 22:09:16,336 [WARN] ConditionMgr:438 - getConditionDescription Invalid condition id : UX DEVICE CLASS RTOS Condition cause : null
2023-12-07 22:09:16,337 [WARN] ConditionMgr:438 - getConditionDescription Invalid condition id : UX DEVICE CLASS RTOS Condition cause : null
2023-12-07 22:09:16,342 [WARN] PackLoader:240 - Cannot read IP mode file for STMicroelectronics.X-CUBE-AZRTOS-H7.3.1.0
2023-12-07 22:09:16,344 [WARN] ConditionMgr:1039 - genDependencies : Invalid condition id : UX DEVICE CLASS RTOS Condition cause : null
2023-12-07 22:09:16,344 [WARN] ConditionMgr:1039 - genDependencies : Invalid condition id : UX DEVICE CLASS RTOS Condition cause : null
2023-12-07 22:09:16,345 [WARN] ConditionMgr:1039 - genDependencies : Invalid condition id : UX DEVICE CLASS RTOS Condition cause : null
2023-12-07 22:09:16,346 [WARN] ConditionMgr:1039 - genDependencies : Invalid condition id : UX DEVICE CLASS RTOS Condition cause : null
2023-12-07 22:09:16,346 [WARN] ConditionMgr:1039 - genDependencies : Invalid condition id : UX DEVICE CLASS RTOS Condition cause : null
2023-12-07 22:09:16,371 [WARN] PackLoader:240 - Cannot read IP mode file for STMicroelectronics.X-CUBE-NFC7.1.0.1
2023-12-07 22:09:16,395 [WARN] PackLoader:240 - Cannot read IP mode file for STMicroelectronics.X-CUBE-NFC6.3.0.0
2023-12-07 22:09:16,417 [WARN] PackLoader:240 - Cannot read IP mode file for STMicroelectronics.X-CUBE-AI.8.1.0
2023-12-07 22:09:16,473 [WARN] ConditionMgr:438 - getConditionDescription Invalid condition id : LAN8742 Phy interface Condition cause : null
2023-12-07 22:09:16,474 [WARN] PackLoader:240 - Cannot read IP mode file for STMicroelectronics.X-CUBE-AZRTOS-L4.2.0.0
2023-12-07 22:09:16,476 [WARN] ConditionMgr:1039 - genDependencies : Invalid condition id : LAN8742 Phy interface Condition cause : null
2023-12-07 22:09:16,477 [WARN] ConditionMgr:1039 - genDependencies : Invalid condition id : LAN8742 Phy interface Condition cause : null
2023-12-07 22:09:16,478 [WARN] ConditionMgr:1039 - genDependencies : Invalid condition id : LAN8742 Phy interface Condition cause : null
2023-12-07 22:09:16,500 [WARN] PackLoader:240 - Cannot read IP mode file for STMicroelectronics.X-CUBE-SFXS2LP1.4.0.0
2023-12-07 22:09:16,520 [WARN] PackLoader:240 - Cannot read IP mode file for STMicroelectronics.X-CUBE-ISPU.1.1.0
2023-12-07 22:09:16,560 [WARN] ConditionMgr:438 - getConditionDescription Invalid condition id : UX DEVICE CLASS RTOS Condition cause : null
2023-12-07 22:09:16,561 [WARN] ConditionMgr:438 - getConditionDescription Invalid condition id : UX DEVICE CLASS RTOS Condition cause : null
2023-12-07 22:09:16,564 [WARN] PackLoader:240 - Cannot read IP mode file for STMicroelectronics.X-CUBE-AZRTOS-WB.2.0.0
2023-12-07 22:09:16,565 [WARN] ConditionMgr:1039 - genDependencies : Invalid condition id : UX DEVICE CLASS RTOS Condition cause : null
2023-12-07 22:09:16,566 [WARN] ConditionMgr:1039 - genDependencies : Invalid condition id : UX DEVICE CLASS RTOS Condition cause : null
2023-12-07 22:09:16,566 [WARN] ConditionMgr:1039 - genDependencies : Invalid condition id : UX DEVICE CLASS RTOS Condition cause : null
2023-12-07 22:09:16,567 [WARN] ConditionMgr:1039 - genDependencies : Invalid condition id : UX DEVICE CLASS RTOS Condition cause : null
2023-12-07 22:09:16,567 [WARN] ConditionMgr:1039 - genDependencies : Invalid condition id : UX DEVICE CLASS RTOS Condition cause : null
2023-12-07 22:09:16,600 [WARN] PackLoader:240 - Cannot read IP mode file for STMicroelectronics.X-CUBE-SUBG2.5.0.0
2023-12-07 22:09:16,641 [WARN] PackLoader:240 - Cannot read IP mode file for STMicroelectronics.X-CUBE-TOF1.3.3.1
2023-12-07 22:09:16,698 [WARN] PackLoader:240 - Cannot read IP mode file for STMicroelectronics.X-CUBE-AZRTOS-G4.2.0.0
2023-12-07 22:09:16,735 [WARN] PackLoader:240 - Cannot read IP mode file for Infineon.AIROC-Wi-Fi-Bluetooth-STM32.1.5.1
2023-12-07 22:09:16,760 [WARN] PackLoader:240 - Cannot read IP mode file for STMicroelectronics.FP-SNS-MOTENVWB1.1.3.1
2023-12-07 22:09:16,777 [WARN] PackLoader:240 - Cannot read IP mode file for STMicroelectronics.X-CUBE-ISPU.2.0.0
2023-12-07 22:09:16,859 [WARN] PackLoader:240 - Cannot read IP mode file for STMicroelectronics.X-CUBE-MEMS1.10.0.0
2023-12-07 22:09:17,117 [WARN] PackLoader:240 - Cannot read IP mode file for STMicroelectronics.X-CUBE-FREERTOS.1.1.0
2023-12-07 22:09:17,137 [WARN] PackLoader:240 - Cannot read IP mode file for portGmbH.I-Cube-SoM-uGOAL.1.1.0
2023-12-07 22:09:17,156 [WARN] PackLoader:240 - Cannot read IP mode file for STMicroelectronics.X-CUBE-ALS.1.0.1
2023-12-07 22:09:17,174 [WARN] PackLoader:240 - Cannot read IP mode file for STMicroelectronics.FP-ATR-ASTRA1.2.0.0
2023-12-07 22:09:17,206 [WARN] PackLoader:240 - Cannot read IP mode file for STMicroelectronics.X-CUBE-TOF1.3.4.0
2023-12-07 22:09:17,271 [WARN] PackLoader:240 - Cannot read IP mode file for STMicroelectronics.X-CUBE-AZRTOS-H7.3.2.0
2023-12-07 22:09:17,276 [INFO] ThirdParty:978 - Integrity check success = true
2023-12-07 22:09:17,276 [INFO] IntegrityCheckThread:100 - exiting critical section [integrity check]
2023-12-07 22:09:17,276 [INFO] IntegrityCheckThread:103 - End integrity checks thread
2023-12-07 22:09:36,447 [ERROR] LogOutputStream:75 - [STDERR_REDIRECT] SLF4J: Failed to load class "org.slf4j.impl.StaticLoggerBinder".
2023-12-07 22:09:36,448 [ERROR] LogOutputStream:75 - [STDERR_REDIRECT] SLF4J: Defaulting to no-operation (NOP) logger implementation
2023-12-07 22:09:36,450 [ERROR] LogOutputStream:75 - [STDERR_REDIRECT] SLF4J: See http://www.slf4j.org/codes.html#StaticLoggerBinder for further details.
