2023-12-03 20:28:33,348 [INFO] Activator:176 - 


2023-12-03 20:28:33,525 [INFO] Activator:177 - !SESSION log4j initialized
2023-12-03 20:28:48,300 [INFO] LogOutputStream:77 - [STDOUT_REDIRECT] 
2023-12-03 20:28:56,021 [INFO] ApplicationProperties:184 - Using Application install path: C:\ST\STM32CubeIDE_1.13.1\STM32CubeIDE\plugins\com.st.stm32cube.common.mx_6.9.1.202307191849
2023-12-03 20:28:56,047 [INFO] DbMcusXml:78 - Set database path to: C:\ST\STM32CubeIDE_1.13.1\STM32CubeIDE\plugins\com.st.stm32cube.common.mx_6.9.1.202307191849\\db\/mcu/
2023-12-03 20:28:56,048 [INFO] ApiDb:274 - Set plugin database path to: C:\ST\STM32CubeIDE_1.13.1\STM32CubeIDE\plugins\com.st.stm32cube.common.mx_6.9.1.202307191849\\db\/plugins/boardmanager/
2023-12-03 20:28:56,049 [WARN] ApiDb:259 - Overriding images path with different value:  => C:\ST\STM32CubeIDE_1.13.1\STM32CubeIDE\plugins\com.st.stm32cube.common.mx_6.9.1.202307191849\\db\/plugins/mcufinder/images/
2023-12-03 20:28:56,072 [INFO] ApiDb:250 - Set database path to: C:\Users\HP\.stmcufinder\plugins\mcufinder//mcu/
2023-12-03 20:28:56,074 [INFO] DbMcusAds:125 - Set database path to: C:\Users\HP\.stmcufinder\plugins\mcufinder//mcu/
2023-12-03 20:28:56,076 [INFO] CrossReferenceDbSqlite:203 - Set database path to: C:\Users\HP\.stmcufinder\plugins\mcufinder//mcu/cs/
2023-12-03 20:28:56,274 [INFO] RulesReader:64 - Compatibility file has been processed (293 Rules)
2023-12-03 20:28:56,410 [INFO] DbMcusXml:78 - Set database path to: C:\ST\STM32CubeIDE_1.13.1\STM32CubeIDE\plugins\com.st.stm32cube.common.mx_6.9.1.202307191849\\db\/mcu/
2023-12-03 20:28:56,410 [INFO] ApiDb:274 - Set plugin database path to: C:\ST\STM32CubeIDE_1.13.1\STM32CubeIDE\plugins\com.st.stm32cube.common.mx_6.9.1.202307191849\\db\/plugins/boardmanager/
2023-12-03 20:28:56,410 [INFO] ApiDb:261 - Set plugin images path to: C:\ST\STM32CubeIDE_1.13.1\STM32CubeIDE\plugins\com.st.stm32cube.common.mx_6.9.1.202307191849\\db\/plugins/mcufinder/images/
2023-12-03 20:28:56,411 [WARN] DbFile:41 - Overriding database path with different value: C:\Users\HP\.stmcufinder\plugins\mcufinder/ => C:\Users\HP\.stmcufinder\plugins\mcufinder
2023-12-03 20:28:56,411 [INFO] ApiDb:250 - Set database path to: C:\Users\HP\.stmcufinder\plugins\mcufinder//mcu/
2023-12-03 20:28:56,411 [WARN] DbFile:41 - Overriding database path with different value: C:\Users\HP\.stmcufinder\plugins\mcufinder/ => C:\Users\HP\.stmcufinder\plugins\mcufinder
2023-12-03 20:28:56,411 [INFO] DbMcusAds:125 - Set database path to: C:\Users\HP\.stmcufinder\plugins\mcufinder//mcu/
2023-12-03 20:28:56,411 [WARN] DbFile:41 - Overriding database path with different value: C:\Users\HP\.stmcufinder\plugins\mcufinder/ => C:\Users\HP\.stmcufinder\plugins\mcufinder
2023-12-03 20:28:56,411 [WARN] DbFile:41 - Overriding database path with different value: C:\Users\HP\.stmcufinder\plugins\mcufinder/ => C:\Users\HP\.stmcufinder\plugins\mcufinder
2023-12-03 20:28:56,412 [INFO] CrossReferenceDbSqlite:203 - Set database path to: C:\Users\HP\.stmcufinder\plugins\mcufinder//mcu/cs/
2023-12-03 20:28:56,563 [INFO] MainPanel:262 - HeapMemory: 268435456
2023-12-03 20:28:56,712 [INFO] DbMcusXml:78 - Set database path to: C:\ST\STM32CubeIDE_1.13.1\STM32CubeIDE\plugins\com.st.stm32cube.common.mx_6.9.1.202307191849\\db\/mcu/
2023-12-03 20:28:56,712 [INFO] ApiDb:274 - Set plugin database path to: C:\ST\STM32CubeIDE_1.13.1\STM32CubeIDE\plugins\com.st.stm32cube.common.mx_6.9.1.202307191849\\db\/plugins/boardmanager/
2023-12-03 20:28:56,712 [INFO] ApiDb:261 - Set plugin images path to: C:\ST\STM32CubeIDE_1.13.1\STM32CubeIDE\plugins\com.st.stm32cube.common.mx_6.9.1.202307191849\\db\/plugins/mcufinder/images/
2023-12-03 20:28:56,713 [WARN] DbFile:41 - Overriding database path with different value: C:\Users\HP\.stmcufinder\plugins\mcufinder/ => C:\Users\HP\.stmcufinder\plugins\mcufinder
2023-12-03 20:28:56,714 [INFO] ApiDb:250 - Set database path to: C:\Users\HP\.stmcufinder\plugins\mcufinder//mcu/
2023-12-03 20:28:56,714 [WARN] DbFile:41 - Overriding database path with different value: C:\Users\HP\.stmcufinder\plugins\mcufinder/ => C:\Users\HP\.stmcufinder\plugins\mcufinder
2023-12-03 20:28:56,714 [INFO] DbMcusAds:125 - Set database path to: C:\Users\HP\.stmcufinder\plugins\mcufinder//mcu/
2023-12-03 20:28:56,714 [WARN] DbFile:41 - Overriding database path with different value: C:\Users\HP\.stmcufinder\plugins\mcufinder/ => C:\Users\HP\.stmcufinder\plugins\mcufinder
2023-12-03 20:28:56,714 [WARN] DbFile:41 - Overriding database path with different value: C:\Users\HP\.stmcufinder\plugins\mcufinder/ => C:\Users\HP\.stmcufinder\plugins\mcufinder
2023-12-03 20:28:56,714 [INFO] CrossReferenceDbSqlite:203 - Set database path to: C:\Users\HP\.stmcufinder\plugins\mcufinder//mcu/cs/
2023-12-03 20:28:56,742 [INFO] ApplicationProperties:184 - Using Application install path: C:\ST\STM32CubeIDE_1.13.1\STM32CubeIDE\plugins\com.st.stm32cube.common.mx_6.9.1.202307191849
2023-12-03 20:28:56,744 [INFO] PluginManage:196 - Search for loadable plugins [exclusion list=, ]
2023-12-03 20:28:56,775 [INFO] PluginManage:310 - Check plugin analytics
2023-12-03 20:28:57,072 [INFO] AnalyticsPlugin:253 - Accepted Software Licenses: 
2023-12-03 20:28:57,073 [INFO] AnalyticsPlugin:255 - Accepted CMSIS Pack Licenses: 
2023-12-03 20:28:57,073 [INFO] AnalyticsPlugin:257 - Accepted Firmware Licenses: FW.F4.1.27.0
2023-12-03 20:28:57,080 [INFO] PluginManage:359 - Loaded plugin analytics (category:tool,tabindex:-1)
2023-12-03 20:28:57,081 [INFO] PluginManage:310 - Check plugin cadmodel
2023-12-03 20:28:57,134 [INFO] CADModel:105 - Init CAD model plugin
2023-12-03 20:28:57,134 [INFO] PluginManage:359 - Loaded plugin cadmodel (category:power,tabindex:5)
2023-12-03 20:28:57,134 [INFO] PluginManage:310 - Check plugin clock
2023-12-03 20:28:57,160 [INFO] PluginManage:359 - Loaded plugin clock (category:base,tabindex:2)
2023-12-03 20:28:57,160 [INFO] PluginManage:310 - Check plugin ddr
2023-12-03 20:28:57,164 [INFO] PluginManage:359 - Loaded plugin ddr (category:tool,tabindex:6)
2023-12-03 20:28:57,164 [INFO] PluginManage:310 - Check plugin filemanager
2023-12-03 20:28:57,355 [INFO] PluginManage:359 - Loaded plugin filemanager (category:base,tabindex:10)
2023-12-03 20:28:57,356 [INFO] PluginManage:310 - Check plugin ipmanager
2023-12-03 20:28:57,366 [INFO] PluginManage:359 - Loaded plugin ipmanager (category:base,tabindex:5)
2023-12-03 20:28:57,367 [INFO] PluginManage:310 - Check plugin lpbam
2023-12-03 20:28:57,390 [INFO] PluginManage:359 - Loaded plugin lpbam (category:base,tabindex:0)
2023-12-03 20:28:57,391 [INFO] PluginManage:310 - Check plugin memorymap
2023-12-03 20:28:57,422 [INFO] PluginManage:359 - Loaded plugin memorymap (category:base,tabindex:4)
2023-12-03 20:28:57,423 [INFO] PluginManage:310 - Check plugin pinoutandconfiguration
2023-12-03 20:28:57,445 [INFO] PluginManage:359 - Loaded plugin pinoutandconfiguration (category:base,tabindex:1)
2023-12-03 20:28:57,445 [INFO] PluginManage:310 - Check plugin pinoutconfig
2023-12-03 20:28:57,646 [WARN] SupportedApi:132 - Cannot load RTOS API schema: s4s-elt-must-match.1: The content of 'definitions' must match (annotation?, (simpleType | complexType)?, (unique | key | keyref)*)). A problem was found starting at: attribute.
2023-12-03 20:28:57,953 [INFO] PluginManage:359 - Loaded plugin pinoutconfig (category:base,tabindex:0)
2023-12-03 20:28:57,954 [INFO] PluginManage:310 - Check plugin power
2023-12-03 20:28:57,987 [INFO] PluginManage:359 - Loaded plugin power (category:power,tabindex:4)
2023-12-03 20:28:57,987 [INFO] PluginManage:310 - Check plugin projectmanager
2023-12-03 20:28:58,008 [INFO] PluginManage:359 - Loaded plugin projectmanager (category:projectmanager,tabindex:3)
2023-12-03 20:28:58,008 [INFO] PluginManage:310 - Check plugin thirdparty
2023-12-03 20:28:58,637 [INFO] PluginManage:359 - Loaded plugin thirdparty (category:base,tabindex:-1)
2023-12-03 20:28:58,637 [WARN] IntegrityCheckThread:84 - waiting for thirdparty lock release [integrity check]
2023-12-03 20:28:58,637 [INFO] PluginManage:310 - Check plugin tools
2023-12-03 20:28:58,638 [INFO] IntegrityCheckThread:86 - entering critical section [integrity check]
2023-12-03 20:28:58,638 [INFO] ThirdPartyUpdaterWithRetryManager:70 - Updater plugin not ready yet. [1/15]
2023-12-03 20:28:58,682 [INFO] PluginManage:359 - Loaded plugin tools (category:base,tabindex:7)
2023-12-03 20:28:58,682 [INFO] PluginManage:310 - Check plugin tutovideos
2023-12-03 20:28:58,974 [INFO] PluginManage:359 - Loaded plugin tutovideos (category:base,tabindex:-1)
2023-12-03 20:28:58,974 [INFO] PluginManage:310 - Check plugin updater
2023-12-03 20:28:58,991 [INFO] PluginManage:359 - Loaded plugin updater (category:base,tabindex:12)
2023-12-03 20:28:58,991 [INFO] PluginManage:310 - Check plugin userauth
2023-12-03 20:28:58,999 [INFO] UserAuth:113 - Init User Auth plugin
2023-12-03 20:28:58,999 [INFO] PluginManage:359 - Loaded plugin userauth (category:base,tabindex:14)
2023-12-03 20:28:59,000 [INFO] PluginManage:283 - PluginManage : Loaded plugins [17]
2023-12-03 20:28:59,495 [INFO] PinOutPanel:1499 - setPackage(No Configuration,No Configuration)
2023-12-03 20:28:59,724 [INFO] CADModel:165 - CPN selected for project level
2023-12-03 20:28:59,724 [INFO] CADModel:114 - Register for checkConnection events
2023-12-03 20:28:59,800 [INFO] IPUIPlugin:80 - create IPUIPlugin
2023-12-03 20:28:59,801 [INFO] PluginManager:220 - loadIPPluginJar : add adc
2023-12-03 20:28:59,843 [INFO] IPUIPlugin:80 - create IPUIPlugin
2023-12-03 20:28:59,843 [INFO] PluginManager:220 - loadIPPluginJar : add aes
2023-12-03 20:28:59,933 [INFO] IPUIPlugin:80 - create IPUIPlugin
2023-12-03 20:28:59,934 [INFO] PluginManager:220 - loadIPPluginJar : add can
2023-12-03 20:29:00,052 [INFO] IPUIPlugin:80 - create IPUIPlugin
2023-12-03 20:29:00,053 [INFO] PluginManager:220 - loadIPPluginJar : add comp
2023-12-03 20:29:00,158 [INFO] IPUIPlugin:80 - create IPUIPlugin
2023-12-03 20:29:00,158 [INFO] PluginManager:220 - loadIPPluginJar : add cryp
2023-12-03 20:29:00,230 [INFO] IPUIPlugin:80 - create IPUIPlugin
2023-12-03 20:29:00,230 [INFO] PluginManager:220 - loadIPPluginJar : add dfsdm
2023-12-03 20:29:00,309 [INFO] IPUIPlugin:80 - create IPUIPlugin
2023-12-03 20:29:00,385 [INFO] PluginManager:220 - loadIPPluginJar : add dma
2023-12-03 20:29:00,455 [INFO] IPUIPlugin:80 - create IPUIPlugin
2023-12-03 20:29:00,455 [INFO] PluginManager:220 - loadIPPluginJar : add dma3
2023-12-03 20:29:00,507 [INFO] IPUIPlugin:80 - create IPUIPlugin
2023-12-03 20:29:00,507 [INFO] PluginManager:220 - loadIPPluginJar : add fatfs
2023-12-03 20:29:00,660 [INFO] IPUIPlugin:80 - create IPUIPlugin
2023-12-03 20:29:00,660 [INFO] PluginManager:220 - loadIPPluginJar : add fmc
2023-12-03 20:29:00,726 [INFO] IPUIPlugin:80 - create IPUIPlugin
2023-12-03 20:29:00,726 [INFO] PluginManager:220 - loadIPPluginJar : add freertos
2023-12-03 20:29:00,750 [INFO] IPUIPlugin:80 - create IPUIPlugin
2023-12-03 20:29:00,750 [INFO] PluginManager:220 - loadIPPluginJar : add genericplugin
2023-12-03 20:29:01,013 [INFO] IPUIPlugin:80 - create IPUIPlugin
2023-12-03 20:29:01,013 [INFO] PluginManager:220 - loadIPPluginJar : add gfxmmu
2023-12-03 20:29:01,291 [INFO] IPUIPlugin:80 - create IPUIPlugin
2023-12-03 20:29:01,291 [INFO] PluginManager:220 - loadIPPluginJar : add gic
2023-12-03 20:29:01,373 [INFO] IPUIPlugin:80 - create IPUIPlugin
2023-12-03 20:29:01,374 [INFO] PluginManager:220 - loadIPPluginJar : add gpio
2023-12-03 20:29:01,639 [INFO] ThirdPartyUpdaterWithRetryManager:70 - Updater plugin not ready yet. [2/15]
2023-12-03 20:29:01,883 [INFO] IPUIPlugin:80 - create IPUIPlugin
2023-12-03 20:29:01,883 [INFO] PluginManager:220 - loadIPPluginJar : add gtzc
2023-12-03 20:29:02,018 [INFO] IPUIPlugin:80 - create IPUIPlugin
2023-12-03 20:29:02,018 [INFO] PluginManager:220 - loadIPPluginJar : add hash
2023-12-03 20:29:02,257 [INFO] IPUIPlugin:80 - create IPUIPlugin
2023-12-03 20:29:02,257 [INFO] PluginManager:220 - loadIPPluginJar : add i2c
2023-12-03 20:29:02,342 [INFO] IPUIPlugin:80 - create IPUIPlugin
2023-12-03 20:29:02,342 [INFO] PluginManager:220 - loadIPPluginJar : add i2s
2023-12-03 20:29:02,578 [INFO] IPUIPlugin:80 - create IPUIPlugin
2023-12-03 20:29:02,579 [INFO] PluginManager:220 - loadIPPluginJar : add i3c
2023-12-03 20:29:03,149 [INFO] IPUIPlugin:80 - create IPUIPlugin
2023-12-03 20:29:03,149 [INFO] PluginManager:220 - loadIPPluginJar : add ipddr
2023-12-03 20:29:03,475 [INFO] IPUIPlugin:80 - create IPUIPlugin
2023-12-03 20:29:03,476 [INFO] PluginManager:220 - loadIPPluginJar : add linkedlist
2023-12-03 20:29:03,628 [INFO] IPUIPlugin:80 - create IPUIPlugin
2023-12-03 20:29:03,628 [INFO] PluginManager:220 - loadIPPluginJar : add lorawan
2023-12-03 20:29:03,757 [INFO] IPUIPlugin:80 - create IPUIPlugin
2023-12-03 20:29:03,757 [INFO] PluginManager:220 - loadIPPluginJar : add ltdc
2023-12-03 20:29:03,838 [INFO] IPUIPlugin:80 - create IPUIPlugin
2023-12-03 20:29:03,838 [INFO] PluginManager:220 - loadIPPluginJar : add mdma
2023-12-03 20:29:03,854 [INFO] IPUIPlugin:80 - create IPUIPlugin
2023-12-03 20:29:03,854 [INFO] PluginManager:220 - loadIPPluginJar : add nvic
2023-12-03 20:29:03,896 [INFO] IPUIPlugin:80 - create IPUIPlugin
2023-12-03 20:29:03,896 [INFO] PluginManager:220 - loadIPPluginJar : add opamp
2023-12-03 20:29:04,211 [INFO] IPUIPlugin:80 - create IPUIPlugin
2023-12-03 20:29:04,211 [INFO] PluginManager:220 - loadIPPluginJar : add openamp
2023-12-03 20:29:04,383 [INFO] IPUIPlugin:80 - create IPUIPlugin
2023-12-03 20:29:04,383 [INFO] PluginManager:220 - loadIPPluginJar : add pdm2pcm
2023-12-03 20:29:04,401 [INFO] IPUIPlugin:80 - create IPUIPlugin
2023-12-03 20:29:04,404 [INFO] PluginManager:220 - loadIPPluginJar : add plateformsettings
2023-12-03 20:29:04,430 [INFO] IPUIPlugin:80 - create IPUIPlugin
2023-12-03 20:29:04,430 [INFO] PluginManager:220 - loadIPPluginJar : add quadspi
2023-12-03 20:29:04,639 [INFO] ThirdPartyUpdaterWithRetryManager:70 - Updater plugin not ready yet. [3/15]
2023-12-03 20:29:04,764 [INFO] IPUIPlugin:80 - create IPUIPlugin
2023-12-03 20:29:04,764 [INFO] PluginManager:220 - loadIPPluginJar : add resmgrutility
2023-12-03 20:29:04,931 [INFO] IPUIPlugin:80 - create IPUIPlugin
2023-12-03 20:29:04,931 [INFO] PluginManager:220 - loadIPPluginJar : add sai
2023-12-03 20:29:05,088 [INFO] IPUIPlugin:80 - create IPUIPlugin
2023-12-03 20:29:05,088 [INFO] PluginManager:220 - loadIPPluginJar : add spi
2023-12-03 20:29:05,232 [INFO] IPUIPlugin:80 - create IPUIPlugin
2023-12-03 20:29:05,232 [INFO] PluginManager:220 - loadIPPluginJar : add stm32_wpan
2023-12-03 20:29:05,354 [INFO] IPUIPlugin:80 - create IPUIPlugin
2023-12-03 20:29:05,355 [INFO] PluginManager:220 - loadIPPluginJar : add tim
2023-12-03 20:29:05,472 [INFO] IPUIPlugin:80 - create IPUIPlugin
2023-12-03 20:29:05,472 [INFO] PluginManager:220 - loadIPPluginJar : add touchsensing
2023-12-03 20:29:05,523 [INFO] IPUIPlugin:80 - create IPUIPlugin
2023-12-03 20:29:05,524 [INFO] PluginManager:220 - loadIPPluginJar : add tracer_emb
2023-12-03 20:29:05,549 [INFO] IPUIPlugin:80 - create IPUIPlugin
2023-12-03 20:29:05,550 [INFO] PluginManager:220 - loadIPPluginJar : add ts
2023-12-03 20:29:05,664 [INFO] IPUIPlugin:80 - create IPUIPlugin
2023-12-03 20:29:05,664 [INFO] PluginManager:220 - loadIPPluginJar : add tsc
2023-12-03 20:29:05,762 [INFO] IPUIPlugin:80 - create IPUIPlugin
2023-12-03 20:29:05,762 [INFO] PluginManager:220 - loadIPPluginJar : add ucpd
2023-12-03 20:29:05,927 [INFO] IPUIPlugin:80 - create IPUIPlugin
2023-12-03 20:29:05,927 [INFO] PluginManager:220 - loadIPPluginJar : add usart
2023-12-03 20:29:05,982 [INFO] IPUIPlugin:80 - create IPUIPlugin
2023-12-03 20:29:06,034 [INFO] PluginManager:220 - loadIPPluginJar : add usbx
2023-12-03 20:29:06,551 [INFO] CADModel:165 - CPN selected for project level
2023-12-03 20:29:06,552 [INFO] CADModel:114 - Register for checkConnection events
2023-12-03 20:29:06,552 [FATAL] Updater:308 - Updater called before beeing initialized
2023-12-03 20:29:06,552 [ERROR] CADModel:125 - Updater not yet initialized, retry later 
2023-12-03 20:29:07,505 [INFO] CADModel:165 - CPN selected for project level
2023-12-03 20:29:07,505 [INFO] CADModel:114 - Register for checkConnection events
2023-12-03 20:29:07,505 [FATAL] Updater:308 - Updater called before beeing initialized
2023-12-03 20:29:07,505 [ERROR] CADModel:125 - Updater not yet initialized, retry later 
2023-12-03 20:29:07,510 [FATAL] Updater:308 - Updater called before beeing initialized
2023-12-03 20:29:07,640 [INFO] ThirdPartyUpdaterWithRetryManager:70 - Updater plugin not ready yet. [4/15]
2023-12-03 20:29:08,105 [FATAL] Updater:308 - Updater called before beeing initialized
2023-12-03 20:29:08,121 [INFO] DbMcusAds:53 - JSON generation date=Tue Mar 07 14:50:55 BDT 2023 (1678179055335)
2023-12-03 20:29:08,121 [FATAL] Updater:308 - Updater called before beeing initialized
2023-12-03 20:29:08,519 [WARN] DetailPanel:346 - Failed to get advertising image, set to default
2023-12-03 20:29:09,046 [FATAL] Updater:308 - Updater called before beeing initialized
2023-12-03 20:29:09,103 [FATAL] Updater:308 - Updater called before beeing initialized
2023-12-03 20:29:09,103 [FATAL] Updater:308 - Updater called before beeing initialized
2023-12-03 20:29:09,104 [WARN] DetailPanel:346 - Failed to get advertising image, set to default
2023-12-03 20:29:09,105 [FATAL] Updater:308 - Updater called before beeing initialized
2023-12-03 20:29:09,315 [ERROR] Updater:1120 - MainUpdater not yet initialized. External WinMGr cannot be set.
2023-12-03 20:29:09,426 [INFO] Updater:1056 - Updater Version found : 6.9.1
2023-12-03 20:29:09,515 [INFO] ApplicationProperties:184 - Using Application install path: C:\ST\STM32CubeIDE_1.13.1\STM32CubeIDE\plugins\com.st.stm32cube.common.mx_6.9.1.202307191849
2023-12-03 20:29:10,364 [INFO] MainUpdater:2868 - connection check result : 10
2023-12-03 20:29:10,365 [INFO] MainUpdater:3562 - Updater definition file requires update
2023-12-03 20:29:10,366 [INFO] MainUpdater:285 - Updater Check For Update Now.
2023-12-03 20:29:10,367 [INFO] MicroXplorer:498 - Change Database Version : DB.6.0.91
2023-12-03 20:29:10,399 [INFO] McuFinderGlobals:63 - Set McuFinder mode to 2 (CubeIDE integrated)
2023-12-03 20:29:10,463 [INFO] ServerAccessManage:473 - Download File updaters.zip
2023-12-03 20:29:10,643 [WARN] MainUpdater:1189 - Updater busy. Cannot search thirdparties
2023-12-03 20:29:10,644 [INFO] ThirdPartyUpdaterWithRetryManager:96 - Updater plugin is busy. [1/15]
2023-12-03 20:29:11,595 [INFO] FileExtend:240 - Unzip File : updaters.zip
2023-12-03 20:29:11,596 [INFO] FileExtend:255 - Standard Zip Deflate
2023-12-03 20:29:12,456 [INFO] ServerAccessManage:473 - Download File PacksControlFlags.xml
2023-12-03 20:29:12,733 [INFO] ServerAccessManage:473 - Download File cubemx.pidx
2023-12-03 20:29:13,634 [INFO] ServerAccessManage:473 - Download File STMicroelectronics.FP-SNS-MOTENVWB1.pdsc
2023-12-03 20:29:13,644 [WARN] MainUpdater:1189 - Updater busy. Cannot search thirdparties
2023-12-03 20:29:13,645 [INFO] ThirdPartyUpdaterWithRetryManager:96 - Updater plugin is busy. [2/15]
2023-12-03 20:29:16,645 [WARN] MainUpdater:1189 - Updater busy. Cannot search thirdparties
2023-12-03 20:29:16,645 [INFO] ThirdPartyUpdaterWithRetryManager:96 - Updater plugin is busy. [3/15]
2023-12-03 20:29:16,840 [INFO] ServerAccessManage:473 - Download File STMicroelectronics.X-CUBE-TOF1.pdsc
2023-12-03 20:29:19,646 [WARN] MainUpdater:1189 - Updater busy. Cannot search thirdparties
2023-12-03 20:29:19,646 [INFO] ThirdPartyUpdaterWithRetryManager:96 - Updater plugin is busy. [4/15]
2023-12-03 20:29:20,840 [ERROR] ServerAccessManage:1089 - Problem, file not found on Server
2023-12-03 20:29:22,647 [WARN] MainUpdater:1189 - Updater busy. Cannot search thirdparties
2023-12-03 20:29:22,647 [INFO] ThirdPartyUpdaterWithRetryManager:96 - Updater plugin is busy. [5/15]
2023-12-03 20:29:23,984 [ERROR] ServerAccessManage:1096 - Problem, Http access forbiden
2023-12-03 20:29:23,987 [ERROR] ServerAccessManage:651 - Problem, Http access forbiden : RoweBots.I-CUBE-UNISONRTOS.pdsc.
2023-12-03 20:29:24,785 [ERROR] ServerAccessManage:1172 - Problem during Server Connection :  IO error PKIX path building failed: sun.security.provider.certpath.SunCertPathBuilderException: unable to find valid certification path to requested target
2023-12-03 20:29:24,786 [ERROR] ServerAccessManage:651 - Problem during Server Connection :  : SEGGER.I-CUBE-embOS.pdsc.
2023-12-03 20:29:25,491 [WARN] PackLoader:240 - Cannot read IP mode file for STMicroelectronics.FP-SNS-MOTENVWB1.1.3.1
2023-12-03 20:29:25,555 [INFO] CheckServerUpdateThread:120 - End of CheckServer Thread
2023-12-03 20:29:25,583 [WARN] PackLoader:240 - Cannot read IP mode file for STMicroelectronics.X-CUBE-TOF1.3.4.0
2023-12-03 20:29:25,616 [INFO] PopulateThirdPartyThread:66 - Ending populate Thread
2023-12-03 20:29:25,618 [INFO] ThirdParty:1030 - CMSIS Pack Vendor :STMicroelectronics FP-SNS-MOTENVWB1 1.3.1
2023-12-03 20:29:25,618 [INFO] ThirdParty:1030 - CMSIS Pack Vendor :STMicroelectronics X-CUBE-TOF1 3.4.0
2023-12-03 20:29:25,619 [INFO] LoadServerUpdatesThread:373 - End of LoadServerUpdate Thread
2023-12-03 20:29:26,476 [WARN] PackLoader:240 - Cannot read IP mode file for STMicroelectronics.X-CUBE-SMBUS.2.1.0
2023-12-03 20:29:26,591 [WARN] PackLoader:240 - Cannot read IP mode file for STMicroelectronics.X-CUBE-AZRTOS-F7.1.1.0
2023-12-03 20:29:26,630 [WARN] PackLoader:240 - Cannot read IP mode file for STMicroelectronics.FP-SNS-MOTENV1.4.3.2
2023-12-03 20:29:26,675 [WARN] PackLoader:240 - Cannot read IP mode file for STMicroelectronics.FP-SNS-FLIGHT1.5.0.2
2023-12-03 20:29:26,724 [WARN] PackLoader:240 - Cannot read IP mode file for STMicroelectronics.X-CUBE-DISPLAY.3.0.0
2023-12-03 20:29:26,773 [WARN] PackLoader:240 - Cannot read IP mode file for STMicroelectronics.X-CUBE-BLE1.7.0.0
2023-12-03 20:29:26,826 [WARN] PackLoader:240 - Cannot read IP mode file for emotas.I-CUBE-CANOPEN.1.3.0
2023-12-03 20:29:26,842 [WARN] PackLoader:240 - Cannot read IP mode file for STMicroelectronics.X-CUBE-TOUCHGFX.4.22.1
2023-12-03 20:29:26,856 [WARN] PackLoader:240 - Cannot read IP mode file for STMicroelectronics.FP-SNS-SMARTAG2.1.2.0
2023-12-03 20:29:26,885 [INFO] LogOutputStream:77 - [STDOUT_REDIRECT] 1 : Invalid condition id : UX_CORESTACK_Condition cause : null
2023-12-03 20:29:26,885 [INFO] LogOutputStream:77 - [STDOUT_REDIRECT] 1 : Invalid condition id : UX_CORESTACK_Condition cause : null
2023-12-03 20:29:26,887 [INFO] LogOutputStream:77 - [STDOUT_REDIRECT] 1 : Invalid condition id : UX_CORESTACK_Condition cause : null
2023-12-03 20:29:26,889 [INFO] LogOutputStream:77 - [STDOUT_REDIRECT] 1 : Invalid condition id : UX_CORESTACK_Condition cause : null
2023-12-03 20:29:26,890 [INFO] LogOutputStream:77 - [STDOUT_REDIRECT] 1 : Invalid condition id : UX_CORESTACK_Condition cause : null
2023-12-03 20:29:26,896 [WARN] PackLoader:240 - Cannot read IP mode file for STMicroelectronics.X-CUBE-AZRTOS-WL.2.0.0
2023-12-03 20:29:26,948 [WARN] PackLoader:240 - Cannot read IP mode file for WES.I-CUBE-Cesium.1.3.0
2023-12-03 20:29:26,992 [WARN] PackLoader:240 - Cannot read IP mode file for STMicroelectronics.X-CUBE-BLE2.3.3.0
2023-12-03 20:29:27,043 [WARN] PackLoader:240 - Cannot read IP mode file for STMicroelectronics.X-CUBE-ALGOBUILD.1.3.0
2023-12-03 20:29:27,159 [WARN] PackLoader:240 - Cannot read IP mode file for STMicroelectronics.X-CUBE-AZRTOS-G0.1.1.0
2023-12-03 20:29:27,204 [WARN] PackLoader:240 - Cannot read IP mode file for STMicroelectronics.X-CUBE-NFC4.3.0.0
2023-12-03 20:29:27,265 [WARN] PackLoader:240 - Cannot read IP mode file for STMicroelectronics.X-CUBE-BLEMGR.3.0.0
2023-12-03 20:29:27,289 [WARN] PackLoader:240 - Cannot read IP mode file for STMicroelectronics.FP-ATR-SIGFOX1.3.2.0
2023-12-03 20:29:27,309 [WARN] PackLoader:240 - Cannot read IP mode file for STMicroelectronics.X-CUBE-GNSS1.6.0.0
2023-12-03 20:29:27,409 [WARN] PackLoader:240 - Cannot read IP mode file for STMicroelectronics.X-CUBE-AZRTOS-F4.1.1.0
2023-12-03 20:29:27,447 [WARN] PackLoader:240 - Cannot read IP mode file for wolfSSL.I-CUBE-wolfSSL.5.6.3
2023-12-03 20:29:27,532 [WARN] PackLoader:240 - Cannot read IP mode file for STMicroelectronics.X-CUBE-AZRTOS-L5.2.0.0
2023-12-03 20:29:27,566 [WARN] PackLoader:240 - Cannot read IP mode file for STMicroelectronics.X-CUBE-EEPRMA1.4.2.0
2023-12-03 20:29:27,581 [WARN] PackLoader:240 - Cannot read IP mode file for ITTIA_DB.I-CUBE-ITTIADB.8.8.0
2023-12-03 20:29:27,616 [WARN] ConditionMgr:438 - getConditionDescription Invalid condition id : UX DEVICE CLASS RTOS Condition cause : null
2023-12-03 20:29:27,616 [WARN] ConditionMgr:438 - getConditionDescription Invalid condition id : UX DEVICE CLASS RTOS Condition cause : null
2023-12-03 20:29:27,619 [WARN] PackLoader:240 - Cannot read IP mode file for STMicroelectronics.X-CUBE-AZRTOS-H7.3.1.0
2023-12-03 20:29:27,621 [WARN] ConditionMgr:1039 - genDependencies : Invalid condition id : UX DEVICE CLASS RTOS Condition cause : null
2023-12-03 20:29:27,621 [WARN] ConditionMgr:1039 - genDependencies : Invalid condition id : UX DEVICE CLASS RTOS Condition cause : null
2023-12-03 20:29:27,622 [WARN] ConditionMgr:1039 - genDependencies : Invalid condition id : UX DEVICE CLASS RTOS Condition cause : null
2023-12-03 20:29:27,623 [WARN] ConditionMgr:1039 - genDependencies : Invalid condition id : UX DEVICE CLASS RTOS Condition cause : null
2023-12-03 20:29:27,623 [WARN] ConditionMgr:1039 - genDependencies : Invalid condition id : UX DEVICE CLASS RTOS Condition cause : null
2023-12-03 20:29:27,667 [WARN] PackLoader:240 - Cannot read IP mode file for STMicroelectronics.X-CUBE-NFC7.1.0.1
2023-12-03 20:29:27,683 [WARN] PackLoader:240 - Cannot read IP mode file for STMicroelectronics.X-CUBE-NFC6.3.0.0
2023-12-03 20:29:27,725 [WARN] PackLoader:240 - Cannot read IP mode file for STMicroelectronics.X-CUBE-AI.8.1.0
2023-12-03 20:29:27,793 [WARN] ConditionMgr:438 - getConditionDescription Invalid condition id : LAN8742 Phy interface Condition cause : null
2023-12-03 20:29:27,793 [WARN] PackLoader:240 - Cannot read IP mode file for STMicroelectronics.X-CUBE-AZRTOS-L4.2.0.0
2023-12-03 20:29:27,794 [WARN] ConditionMgr:1039 - genDependencies : Invalid condition id : LAN8742 Phy interface Condition cause : null
2023-12-03 20:29:27,795 [WARN] ConditionMgr:1039 - genDependencies : Invalid condition id : LAN8742 Phy interface Condition cause : null
2023-12-03 20:29:27,796 [WARN] ConditionMgr:1039 - genDependencies : Invalid condition id : LAN8742 Phy interface Condition cause : null
2023-12-03 20:29:27,847 [WARN] PackLoader:240 - Cannot read IP mode file for STMicroelectronics.X-CUBE-SFXS2LP1.4.0.0
2023-12-03 20:29:27,899 [WARN] PackLoader:240 - Cannot read IP mode file for STMicroelectronics.X-CUBE-ISPU.1.1.0
2023-12-03 20:29:27,960 [WARN] ConditionMgr:438 - getConditionDescription Invalid condition id : UX DEVICE CLASS RTOS Condition cause : null
2023-12-03 20:29:27,960 [WARN] ConditionMgr:438 - getConditionDescription Invalid condition id : UX DEVICE CLASS RTOS Condition cause : null
2023-12-03 20:29:27,963 [WARN] PackLoader:240 - Cannot read IP mode file for STMicroelectronics.X-CUBE-AZRTOS-WB.2.0.0
2023-12-03 20:29:27,964 [WARN] ConditionMgr:1039 - genDependencies : Invalid condition id : UX DEVICE CLASS RTOS Condition cause : null
2023-12-03 20:29:27,964 [WARN] ConditionMgr:1039 - genDependencies : Invalid condition id : UX DEVICE CLASS RTOS Condition cause : null
2023-12-03 20:29:27,965 [WARN] ConditionMgr:1039 - genDependencies : Invalid condition id : UX DEVICE CLASS RTOS Condition cause : null
2023-12-03 20:29:27,965 [WARN] ConditionMgr:1039 - genDependencies : Invalid condition id : UX DEVICE CLASS RTOS Condition cause : null
2023-12-03 20:29:27,965 [WARN] ConditionMgr:1039 - genDependencies : Invalid condition id : UX DEVICE CLASS RTOS Condition cause : null
2023-12-03 20:29:28,057 [WARN] PackLoader:240 - Cannot read IP mode file for STMicroelectronics.X-CUBE-SUBG2.5.0.0
2023-12-03 20:29:28,127 [WARN] PackLoader:240 - Cannot read IP mode file for STMicroelectronics.X-CUBE-TOF1.3.3.1
2023-12-03 20:29:28,232 [WARN] PackLoader:240 - Cannot read IP mode file for STMicroelectronics.X-CUBE-AZRTOS-G4.2.0.0
2023-12-03 20:29:28,262 [WARN] PackLoader:240 - Cannot read IP mode file for Infineon.AIROC-Wi-Fi-Bluetooth-STM32.1.5.1
2023-12-03 20:29:28,273 [WARN] PackLoader:240 - Cannot read IP mode file for STMicroelectronics.FP-SNS-MOTENVWB1.1.3.1
2023-12-03 20:29:28,356 [WARN] PackLoader:240 - Cannot read IP mode file for STMicroelectronics.X-CUBE-MEMS1.10.0.0
2023-12-03 20:29:28,572 [WARN] PackLoader:240 - Cannot read IP mode file for STMicroelectronics.X-CUBE-FREERTOS.1.1.0
2023-12-03 20:29:28,622 [WARN] PackLoader:240 - Cannot read IP mode file for portGmbH.I-Cube-SoM-uGOAL.1.1.0
2023-12-03 20:29:28,656 [WARN] PackLoader:240 - Cannot read IP mode file for STMicroelectronics.X-CUBE-ALS.1.0.1
2023-12-03 20:29:28,662 [WARN] PackLoader:240 - Cannot read IP mode file for STMicroelectronics.FP-ATR-ASTRA1.2.0.0
2023-12-03 20:29:28,675 [WARN] PackLoader:240 - Cannot read IP mode file for STMicroelectronics.X-CUBE-TOF1.3.4.0
2023-12-03 20:29:28,696 [INFO] ThirdParty:978 - Integrity check success = true
2023-12-03 20:29:28,696 [INFO] IntegrityCheckThread:100 - exiting critical section [integrity check]
2023-12-03 20:29:28,696 [INFO] IntegrityCheckThread:103 - End integrity checks thread
2023-12-03 20:29:33,496 [ERROR] LogOutputStream:75 - [STDERR_REDIRECT] SLF4J: Failed to load class "org.slf4j.impl.StaticLoggerBinder".
2023-12-03 20:29:33,496 [ERROR] LogOutputStream:75 - [STDERR_REDIRECT] SLF4J: Defaulting to no-operation (NOP) logger implementation
2023-12-03 20:29:33,499 [ERROR] LogOutputStream:75 - [STDERR_REDIRECT] SLF4J: See http://www.slf4j.org/codes.html#StaticLoggerBinder for further details.
2023-12-03 22:46:28,665 [ERROR] AdobePublisher:183 - Exception while getting the server answer: java.net.SocketTimeoutException: Read timed out
