2023-12-29 22:06:56,899 [INFO] Activator:176 - 


2023-12-29 22:06:56,914 [INFO] Activator:177 - !SESSION log4j initialized
2023-12-29 22:07:09,656 [INFO] LogOutputStream:77 - [STDOUT_REDIRECT] 
2023-12-29 22:07:31,305 [INFO] ApplicationProperties:184 - Using Application install path: C:\ST\STM32CubeIDE_1.13.1\STM32CubeIDE\plugins\com.st.stm32cube.common.mx_6.9.1.202307191849
2023-12-29 22:07:31,335 [INFO] DbMcusXml:78 - Set database path to: C:\ST\STM32CubeIDE_1.13.1\STM32CubeIDE\plugins\com.st.stm32cube.common.mx_6.9.1.202307191849\\db\/mcu/
2023-12-29 22:07:31,335 [INFO] ApiDb:274 - Set plugin database path to: C:\ST\STM32CubeIDE_1.13.1\STM32CubeIDE\plugins\com.st.stm32cube.common.mx_6.9.1.202307191849\\db\/plugins/boardmanager/
2023-12-29 22:07:31,336 [WARN] ApiDb:259 - Overriding images path with different value:  => C:\ST\STM32CubeIDE_1.13.1\STM32CubeIDE\plugins\com.st.stm32cube.common.mx_6.9.1.202307191849\\db\/plugins/mcufinder/images/
2023-12-29 22:07:31,356 [INFO] ApiDb:250 - Set database path to: C:\Users\HP\.stmcufinder\plugins\mcufinder//mcu/
2023-12-29 22:07:31,358 [INFO] DbMcusAds:125 - Set database path to: C:\Users\HP\.stmcufinder\plugins\mcufinder//mcu/
2023-12-29 22:07:31,378 [INFO] CrossReferenceDbSqlite:203 - Set database path to: C:\Users\HP\.stmcufinder\plugins\mcufinder//mcu/cs/
2023-12-29 22:07:31,548 [INFO] RulesReader:64 - Compatibility file has been processed (293 Rules)
2023-12-29 22:07:31,689 [INFO] DbMcusXml:78 - Set database path to: C:\ST\STM32CubeIDE_1.13.1\STM32CubeIDE\plugins\com.st.stm32cube.common.mx_6.9.1.202307191849\\db\/mcu/
2023-12-29 22:07:31,689 [INFO] ApiDb:274 - Set plugin database path to: C:\ST\STM32CubeIDE_1.13.1\STM32CubeIDE\plugins\com.st.stm32cube.common.mx_6.9.1.202307191849\\db\/plugins/boardmanager/
2023-12-29 22:07:31,690 [INFO] ApiDb:261 - Set plugin images path to: C:\ST\STM32CubeIDE_1.13.1\STM32CubeIDE\plugins\com.st.stm32cube.common.mx_6.9.1.202307191849\\db\/plugins/mcufinder/images/
2023-12-29 22:07:31,690 [WARN] DbFile:41 - Overriding database path with different value: C:\Users\HP\.stmcufinder\plugins\mcufinder/ => C:\Users\HP\.stmcufinder\plugins\mcufinder
2023-12-29 22:07:31,690 [INFO] ApiDb:250 - Set database path to: C:\Users\HP\.stmcufinder\plugins\mcufinder//mcu/
2023-12-29 22:07:31,691 [WARN] DbFile:41 - Overriding database path with different value: C:\Users\HP\.stmcufinder\plugins\mcufinder/ => C:\Users\HP\.stmcufinder\plugins\mcufinder
2023-12-29 22:07:31,691 [INFO] DbMcusAds:125 - Set database path to: C:\Users\HP\.stmcufinder\plugins\mcufinder//mcu/
2023-12-29 22:07:31,691 [WARN] DbFile:41 - Overriding database path with different value: C:\Users\HP\.stmcufinder\plugins\mcufinder/ => C:\Users\HP\.stmcufinder\plugins\mcufinder
2023-12-29 22:07:31,691 [WARN] DbFile:41 - Overriding database path with different value: C:\Users\HP\.stmcufinder\plugins\mcufinder/ => C:\Users\HP\.stmcufinder\plugins\mcufinder
2023-12-29 22:07:31,691 [INFO] CrossReferenceDbSqlite:203 - Set database path to: C:\Users\HP\.stmcufinder\plugins\mcufinder//mcu/cs/
2023-12-29 22:07:31,814 [INFO] MainPanel:262 - HeapMemory: 268435456
2023-12-29 22:07:31,967 [INFO] DbMcusXml:78 - Set database path to: C:\ST\STM32CubeIDE_1.13.1\STM32CubeIDE\plugins\com.st.stm32cube.common.mx_6.9.1.202307191849\\db\/mcu/
2023-12-29 22:07:31,967 [INFO] ApiDb:274 - Set plugin database path to: C:\ST\STM32CubeIDE_1.13.1\STM32CubeIDE\plugins\com.st.stm32cube.common.mx_6.9.1.202307191849\\db\/plugins/boardmanager/
2023-12-29 22:07:31,967 [INFO] ApiDb:261 - Set plugin images path to: C:\ST\STM32CubeIDE_1.13.1\STM32CubeIDE\plugins\com.st.stm32cube.common.mx_6.9.1.202307191849\\db\/plugins/mcufinder/images/
2023-12-29 22:07:31,968 [WARN] DbFile:41 - Overriding database path with different value: C:\Users\HP\.stmcufinder\plugins\mcufinder/ => C:\Users\HP\.stmcufinder\plugins\mcufinder
2023-12-29 22:07:31,968 [INFO] ApiDb:250 - Set database path to: C:\Users\HP\.stmcufinder\plugins\mcufinder//mcu/
2023-12-29 22:07:31,968 [WARN] DbFile:41 - Overriding database path with different value: C:\Users\HP\.stmcufinder\plugins\mcufinder/ => C:\Users\HP\.stmcufinder\plugins\mcufinder
2023-12-29 22:07:31,968 [INFO] DbMcusAds:125 - Set database path to: C:\Users\HP\.stmcufinder\plugins\mcufinder//mcu/
2023-12-29 22:07:31,968 [WARN] DbFile:41 - Overriding database path with different value: C:\Users\HP\.stmcufinder\plugins\mcufinder/ => C:\Users\HP\.stmcufinder\plugins\mcufinder
2023-12-29 22:07:31,968 [WARN] DbFile:41 - Overriding database path with different value: C:\Users\HP\.stmcufinder\plugins\mcufinder/ => C:\Users\HP\.stmcufinder\plugins\mcufinder
2023-12-29 22:07:31,969 [INFO] CrossReferenceDbSqlite:203 - Set database path to: C:\Users\HP\.stmcufinder\plugins\mcufinder//mcu/cs/
2023-12-29 22:07:31,993 [INFO] ApplicationProperties:184 - Using Application install path: C:\ST\STM32CubeIDE_1.13.1\STM32CubeIDE\plugins\com.st.stm32cube.common.mx_6.9.1.202307191849
2023-12-29 22:07:31,995 [INFO] PluginManage:196 - Search for loadable plugins [exclusion list=, ]
2023-12-29 22:07:31,999 [INFO] PluginManage:310 - Check plugin analytics
2023-12-29 22:07:32,241 [INFO] AnalyticsPlugin:253 - Accepted Software Licenses: 
2023-12-29 22:07:32,241 [INFO] AnalyticsPlugin:255 - Accepted CMSIS Pack Licenses: 
2023-12-29 22:07:32,242 [INFO] AnalyticsPlugin:257 - Accepted Firmware Licenses: FW.F4.1.27.0
2023-12-29 22:07:32,248 [INFO] PluginManage:359 - Loaded plugin analytics (category:tool,tabindex:-1)
2023-12-29 22:07:32,248 [INFO] PluginManage:310 - Check plugin cadmodel
2023-12-29 22:07:32,275 [INFO] CADModel:105 - Init CAD model plugin
2023-12-29 22:07:32,275 [INFO] PluginManage:359 - Loaded plugin cadmodel (category:power,tabindex:5)
2023-12-29 22:07:32,275 [INFO] PluginManage:310 - Check plugin clock
2023-12-29 22:07:32,301 [INFO] PluginManage:359 - Loaded plugin clock (category:base,tabindex:2)
2023-12-29 22:07:32,301 [INFO] PluginManage:310 - Check plugin ddr
2023-12-29 22:07:32,305 [INFO] PluginManage:359 - Loaded plugin ddr (category:tool,tabindex:6)
2023-12-29 22:07:32,305 [INFO] PluginManage:310 - Check plugin filemanager
2023-12-29 22:07:32,531 [INFO] PluginManage:359 - Loaded plugin filemanager (category:base,tabindex:10)
2023-12-29 22:07:32,531 [INFO] PluginManage:310 - Check plugin ipmanager
2023-12-29 22:07:32,543 [INFO] PluginManage:359 - Loaded plugin ipmanager (category:base,tabindex:5)
2023-12-29 22:07:32,543 [INFO] PluginManage:310 - Check plugin lpbam
2023-12-29 22:07:32,565 [INFO] PluginManage:359 - Loaded plugin lpbam (category:base,tabindex:0)
2023-12-29 22:07:32,565 [INFO] PluginManage:310 - Check plugin memorymap
2023-12-29 22:07:32,598 [INFO] PluginManage:359 - Loaded plugin memorymap (category:base,tabindex:4)
2023-12-29 22:07:32,598 [INFO] PluginManage:310 - Check plugin pinoutandconfiguration
2023-12-29 22:07:32,621 [INFO] PluginManage:359 - Loaded plugin pinoutandconfiguration (category:base,tabindex:1)
2023-12-29 22:07:32,621 [INFO] PluginManage:310 - Check plugin pinoutconfig
2023-12-29 22:07:32,772 [WARN] SupportedApi:132 - Cannot load RTOS API schema: s4s-elt-must-match.1: The content of 'definitions' must match (annotation?, (simpleType | complexType)?, (unique | key | keyref)*)). A problem was found starting at: attribute.
2023-12-29 22:07:32,993 [INFO] PluginManage:359 - Loaded plugin pinoutconfig (category:base,tabindex:0)
2023-12-29 22:07:32,993 [INFO] PluginManage:310 - Check plugin power
2023-12-29 22:07:33,030 [INFO] PluginManage:359 - Loaded plugin power (category:power,tabindex:4)
2023-12-29 22:07:33,030 [INFO] PluginManage:310 - Check plugin projectmanager
2023-12-29 22:07:33,052 [INFO] PluginManage:359 - Loaded plugin projectmanager (category:projectmanager,tabindex:3)
2023-12-29 22:07:33,052 [INFO] PluginManage:310 - Check plugin thirdparty
2023-12-29 22:07:33,407 [WARN] IntegrityCheckThread:84 - waiting for thirdparty lock release [integrity check]
2023-12-29 22:07:33,407 [INFO] PluginManage:359 - Loaded plugin thirdparty (category:base,tabindex:-1)
2023-12-29 22:07:33,407 [INFO] IntegrityCheckThread:86 - entering critical section [integrity check]
2023-12-29 22:07:33,407 [INFO] PluginManage:310 - Check plugin tools
2023-12-29 22:07:33,408 [INFO] ThirdPartyUpdaterWithRetryManager:70 - Updater plugin not ready yet. [1/15]
2023-12-29 22:07:33,449 [INFO] PluginManage:359 - Loaded plugin tools (category:base,tabindex:7)
2023-12-29 22:07:33,449 [INFO] PluginManage:310 - Check plugin tutovideos
2023-12-29 22:07:33,715 [INFO] PluginManage:359 - Loaded plugin tutovideos (category:base,tabindex:-1)
2023-12-29 22:07:33,716 [INFO] PluginManage:310 - Check plugin updater
2023-12-29 22:07:33,732 [INFO] PluginManage:359 - Loaded plugin updater (category:base,tabindex:12)
2023-12-29 22:07:33,732 [INFO] PluginManage:310 - Check plugin userauth
2023-12-29 22:07:33,739 [INFO] UserAuth:113 - Init User Auth plugin
2023-12-29 22:07:33,739 [INFO] PluginManage:359 - Loaded plugin userauth (category:base,tabindex:14)
2023-12-29 22:07:33,740 [INFO] PluginManage:283 - PluginManage : Loaded plugins [17]
2023-12-29 22:07:34,068 [INFO] PinOutPanel:1499 - setPackage(No Configuration,No Configuration)
2023-12-29 22:07:34,228 [INFO] CADModel:165 - CPN selected for project level
2023-12-29 22:07:34,228 [INFO] CADModel:114 - Register for checkConnection events
2023-12-29 22:07:34,263 [INFO] IPUIPlugin:80 - create IPUIPlugin
2023-12-29 22:07:34,263 [INFO] PluginManager:220 - loadIPPluginJar : add adc
2023-12-29 22:07:34,309 [INFO] IPUIPlugin:80 - create IPUIPlugin
2023-12-29 22:07:34,310 [INFO] PluginManager:220 - loadIPPluginJar : add aes
2023-12-29 22:07:34,363 [INFO] IPUIPlugin:80 - create IPUIPlugin
2023-12-29 22:07:34,363 [INFO] PluginManager:220 - loadIPPluginJar : add can
2023-12-29 22:07:34,392 [INFO] IPUIPlugin:80 - create IPUIPlugin
2023-12-29 22:07:34,392 [INFO] PluginManager:220 - loadIPPluginJar : add comp
2023-12-29 22:07:34,432 [INFO] IPUIPlugin:80 - create IPUIPlugin
2023-12-29 22:07:34,433 [INFO] PluginManager:220 - loadIPPluginJar : add cryp
2023-12-29 22:07:34,469 [INFO] IPUIPlugin:80 - create IPUIPlugin
2023-12-29 22:07:34,469 [INFO] PluginManager:220 - loadIPPluginJar : add dfsdm
2023-12-29 22:07:34,491 [INFO] IPUIPlugin:80 - create IPUIPlugin
2023-12-29 22:07:34,493 [INFO] PluginManager:220 - loadIPPluginJar : add dma
2023-12-29 22:07:34,546 [INFO] IPUIPlugin:80 - create IPUIPlugin
2023-12-29 22:07:34,546 [INFO] PluginManager:220 - loadIPPluginJar : add dma3
2023-12-29 22:07:34,570 [INFO] IPUIPlugin:80 - create IPUIPlugin
2023-12-29 22:07:34,570 [INFO] PluginManager:220 - loadIPPluginJar : add fatfs
2023-12-29 22:07:34,627 [INFO] IPUIPlugin:80 - create IPUIPlugin
2023-12-29 22:07:34,627 [INFO] PluginManager:220 - loadIPPluginJar : add fmc
2023-12-29 22:07:34,646 [INFO] IPUIPlugin:80 - create IPUIPlugin
2023-12-29 22:07:34,646 [INFO] PluginManager:220 - loadIPPluginJar : add freertos
2023-12-29 22:07:34,670 [INFO] IPUIPlugin:80 - create IPUIPlugin
2023-12-29 22:07:34,670 [INFO] PluginManager:220 - loadIPPluginJar : add genericplugin
2023-12-29 22:07:34,783 [INFO] IPUIPlugin:80 - create IPUIPlugin
2023-12-29 22:07:34,783 [INFO] PluginManager:220 - loadIPPluginJar : add gfxmmu
2023-12-29 22:07:34,943 [INFO] IPUIPlugin:80 - create IPUIPlugin
2023-12-29 22:07:34,943 [INFO] PluginManager:220 - loadIPPluginJar : add gic
2023-12-29 22:07:34,959 [INFO] IPUIPlugin:80 - create IPUIPlugin
2023-12-29 22:07:34,959 [INFO] PluginManager:220 - loadIPPluginJar : add gpio
2023-12-29 22:07:35,071 [INFO] IPUIPlugin:80 - create IPUIPlugin
2023-12-29 22:07:35,071 [INFO] PluginManager:220 - loadIPPluginJar : add gtzc
2023-12-29 22:07:35,110 [INFO] IPUIPlugin:80 - create IPUIPlugin
2023-12-29 22:07:35,111 [INFO] PluginManager:220 - loadIPPluginJar : add hash
2023-12-29 22:07:35,174 [INFO] IPUIPlugin:80 - create IPUIPlugin
2023-12-29 22:07:35,174 [INFO] PluginManager:220 - loadIPPluginJar : add i2c
2023-12-29 22:07:35,222 [INFO] IPUIPlugin:80 - create IPUIPlugin
2023-12-29 22:07:35,223 [INFO] PluginManager:220 - loadIPPluginJar : add i2s
2023-12-29 22:07:35,272 [INFO] IPUIPlugin:80 - create IPUIPlugin
2023-12-29 22:07:35,272 [INFO] PluginManager:220 - loadIPPluginJar : add i3c
2023-12-29 22:07:35,400 [INFO] IPUIPlugin:80 - create IPUIPlugin
2023-12-29 22:07:35,400 [INFO] PluginManager:220 - loadIPPluginJar : add ipddr
2023-12-29 22:07:35,513 [INFO] IPUIPlugin:80 - create IPUIPlugin
2023-12-29 22:07:35,513 [INFO] PluginManager:220 - loadIPPluginJar : add linkedlist
2023-12-29 22:07:35,554 [INFO] IPUIPlugin:80 - create IPUIPlugin
2023-12-29 22:07:35,554 [INFO] PluginManager:220 - loadIPPluginJar : add lorawan
2023-12-29 22:07:35,597 [INFO] IPUIPlugin:80 - create IPUIPlugin
2023-12-29 22:07:35,597 [INFO] PluginManager:220 - loadIPPluginJar : add ltdc
2023-12-29 22:07:35,615 [INFO] IPUIPlugin:80 - create IPUIPlugin
2023-12-29 22:07:35,615 [INFO] PluginManager:220 - loadIPPluginJar : add mdma
2023-12-29 22:07:35,631 [INFO] IPUIPlugin:80 - create IPUIPlugin
2023-12-29 22:07:35,631 [INFO] PluginManager:220 - loadIPPluginJar : add nvic
2023-12-29 22:07:35,675 [INFO] IPUIPlugin:80 - create IPUIPlugin
2023-12-29 22:07:35,676 [INFO] PluginManager:220 - loadIPPluginJar : add opamp
2023-12-29 22:07:35,749 [INFO] IPUIPlugin:80 - create IPUIPlugin
2023-12-29 22:07:35,749 [INFO] PluginManager:220 - loadIPPluginJar : add openamp
2023-12-29 22:07:35,801 [INFO] IPUIPlugin:80 - create IPUIPlugin
2023-12-29 22:07:35,802 [INFO] PluginManager:220 - loadIPPluginJar : add pdm2pcm
2023-12-29 22:07:35,818 [INFO] IPUIPlugin:80 - create IPUIPlugin
2023-12-29 22:07:35,821 [INFO] PluginManager:220 - loadIPPluginJar : add plateformsettings
2023-12-29 22:07:35,847 [INFO] IPUIPlugin:80 - create IPUIPlugin
2023-12-29 22:07:35,848 [INFO] PluginManager:220 - loadIPPluginJar : add quadspi
2023-12-29 22:07:35,864 [INFO] IPUIPlugin:80 - create IPUIPlugin
2023-12-29 22:07:35,864 [INFO] PluginManager:220 - loadIPPluginJar : add resmgrutility
2023-12-29 22:07:35,921 [INFO] IPUIPlugin:80 - create IPUIPlugin
2023-12-29 22:07:35,921 [INFO] PluginManager:220 - loadIPPluginJar : add sai
2023-12-29 22:07:35,965 [INFO] IPUIPlugin:80 - create IPUIPlugin
2023-12-29 22:07:35,965 [INFO] PluginManager:220 - loadIPPluginJar : add spi
2023-12-29 22:07:36,033 [INFO] IPUIPlugin:80 - create IPUIPlugin
2023-12-29 22:07:36,033 [INFO] PluginManager:220 - loadIPPluginJar : add stm32_wpan
2023-12-29 22:07:36,061 [INFO] IPUIPlugin:80 - create IPUIPlugin
2023-12-29 22:07:36,061 [INFO] PluginManager:220 - loadIPPluginJar : add tim
2023-12-29 22:07:36,128 [INFO] IPUIPlugin:80 - create IPUIPlugin
2023-12-29 22:07:36,128 [INFO] PluginManager:220 - loadIPPluginJar : add touchsensing
2023-12-29 22:07:36,154 [INFO] IPUIPlugin:80 - create IPUIPlugin
2023-12-29 22:07:36,155 [INFO] PluginManager:220 - loadIPPluginJar : add tracer_emb
2023-12-29 22:07:36,181 [INFO] IPUIPlugin:80 - create IPUIPlugin
2023-12-29 22:07:36,181 [INFO] PluginManager:220 - loadIPPluginJar : add ts
2023-12-29 22:07:36,206 [INFO] IPUIPlugin:80 - create IPUIPlugin
2023-12-29 22:07:36,206 [INFO] PluginManager:220 - loadIPPluginJar : add tsc
2023-12-29 22:07:36,233 [INFO] IPUIPlugin:80 - create IPUIPlugin
2023-12-29 22:07:36,233 [INFO] PluginManager:220 - loadIPPluginJar : add ucpd
2023-12-29 22:07:36,286 [INFO] IPUIPlugin:80 - create IPUIPlugin
2023-12-29 22:07:36,286 [INFO] PluginManager:220 - loadIPPluginJar : add usart
2023-12-29 22:07:36,339 [INFO] IPUIPlugin:80 - create IPUIPlugin
2023-12-29 22:07:36,339 [INFO] PluginManager:220 - loadIPPluginJar : add usbx
2023-12-29 22:07:36,410 [INFO] ThirdPartyUpdaterWithRetryManager:70 - Updater plugin not ready yet. [2/15]
2023-12-29 22:07:36,489 [INFO] CADModel:165 - CPN selected for project level
2023-12-29 22:07:36,489 [INFO] CADModel:114 - Register for checkConnection events
2023-12-29 22:07:36,489 [FATAL] Updater:308 - Updater called before beeing initialized
2023-12-29 22:07:36,490 [ERROR] CADModel:125 - Updater not yet initialized, retry later 
2023-12-29 22:07:36,710 [INFO] CADModel:165 - CPN selected for project level
2023-12-29 22:07:36,710 [INFO] CADModel:114 - Register for checkConnection events
2023-12-29 22:07:36,710 [FATAL] Updater:308 - Updater called before beeing initialized
2023-12-29 22:07:36,711 [ERROR] CADModel:125 - Updater not yet initialized, retry later 
2023-12-29 22:07:36,715 [FATAL] Updater:308 - Updater called before beeing initialized
2023-12-29 22:07:36,875 [FATAL] Updater:308 - Updater called before beeing initialized
2023-12-29 22:07:36,900 [INFO] DbMcusAds:53 - JSON generation date=Tue Mar 07 14:50:55 BDT 2023 (1678179055335)
2023-12-29 22:07:36,900 [FATAL] Updater:308 - Updater called before beeing initialized
2023-12-29 22:07:37,028 [WARN] DetailPanel:346 - Failed to get advertising image, set to default
2023-12-29 22:07:37,150 [FATAL] Updater:308 - Updater called before beeing initialized
2023-12-29 22:07:37,152 [FATAL] Updater:308 - Updater called before beeing initialized
2023-12-29 22:07:37,152 [FATAL] Updater:308 - Updater called before beeing initialized
2023-12-29 22:07:37,152 [WARN] DetailPanel:346 - Failed to get advertising image, set to default
2023-12-29 22:07:37,153 [FATAL] Updater:308 - Updater called before beeing initialized
2023-12-29 22:07:37,246 [ERROR] Updater:1120 - MainUpdater not yet initialized. External WinMGr cannot be set.
2023-12-29 22:07:37,264 [INFO] Updater:1056 - Updater Version found : 6.9.1
2023-12-29 22:07:37,291 [INFO] ApplicationProperties:184 - Using Application install path: C:\ST\STM32CubeIDE_1.13.1\STM32CubeIDE\plugins\com.st.stm32cube.common.mx_6.9.1.202307191849
2023-12-29 22:07:37,371 [INFO] MainUpdater:521 - Copy updater definitions from MX database
2023-12-29 22:07:37,586 [INFO] MainUpdater:2868 - connection check result : 10
2023-12-29 22:07:37,587 [INFO] MainUpdater:3562 - Updater definition file requires update
2023-12-29 22:07:37,591 [INFO] MainUpdater:285 - Updater Check For Update Now.
2023-12-29 22:07:37,592 [INFO] MicroXplorer:498 - Change Database Version : DB.6.0.91
2023-12-29 22:07:37,650 [INFO] McuFinderGlobals:63 - Set McuFinder mode to 2 (CubeIDE integrated)
2023-12-29 22:07:37,783 [INFO] ServerAccessManage:473 - Download File updaters.zip
2023-12-29 22:07:38,111 [INFO] FileExtend:240 - Unzip File : updaters.zip
2023-12-29 22:07:38,112 [INFO] FileExtend:255 - Standard Zip Deflate
2023-12-29 22:07:39,071 [INFO] ServerAccessManage:473 - Download File PacksControlFlags.xml
2023-12-29 22:07:39,347 [INFO] ServerAccessManage:473 - Download File cubemx.pidx
2023-12-29 22:07:39,412 [WARN] MainUpdater:1189 - Updater busy. Cannot search thirdparties
2023-12-29 22:07:39,412 [INFO] ThirdPartyUpdaterWithRetryManager:96 - Updater plugin is busy. [1/15]
2023-12-29 22:07:39,536 [INFO] LoadServerUpdatesThread:373 - End of LoadServerUpdate Thread
2023-12-29 22:07:39,775 [INFO] CheckServerUpdateThread:120 - End of CheckServer Thread
2023-12-29 22:07:42,644 [WARN] PackLoader:240 - Cannot read IP mode file for STMicroelectronics.X-CUBE-SMBUS.2.1.0
2023-12-29 22:07:42,661 [WARN] PackLoader:240 - Cannot read IP mode file for STMicroelectronics.X-CUBE-TOUCHGFX.4.23.0
2023-12-29 22:07:42,724 [WARN] PackLoader:240 - Cannot read IP mode file for STMicroelectronics.X-CUBE-AZRTOS-F7.1.1.0
2023-12-29 22:07:42,753 [WARN] PackLoader:240 - Cannot read IP mode file for STMicroelectronics.FP-SNS-MOTENV1.4.3.2
2023-12-29 22:07:42,775 [WARN] PackLoader:240 - Cannot read IP mode file for STMicroelectronics.FP-SNS-FLIGHT1.5.0.2
2023-12-29 22:07:42,797 [WARN] PackLoader:240 - Cannot read IP mode file for STMicroelectronics.X-CUBE-DISPLAY.3.0.0
2023-12-29 22:07:42,822 [WARN] PackLoader:240 - Cannot read IP mode file for STMicroelectronics.X-CUBE-BLE1.7.0.0
2023-12-29 22:07:42,841 [WARN] PackLoader:240 - Cannot read IP mode file for emotas.I-CUBE-CANOPEN.1.3.0
2023-12-29 22:07:42,858 [WARN] PackLoader:240 - Cannot read IP mode file for STMicroelectronics.X-CUBE-TOUCHGFX.4.22.1
2023-12-29 22:07:42,874 [WARN] PackLoader:240 - Cannot read IP mode file for STMicroelectronics.FP-SNS-SMARTAG2.1.2.0
2023-12-29 22:07:42,911 [INFO] LogOutputStream:77 - [STDOUT_REDIRECT] 1 : Invalid condition id : UX_CORESTACK_Condition cause : null
2023-12-29 22:07:42,912 [INFO] LogOutputStream:77 - [STDOUT_REDIRECT] 1 : Invalid condition id : UX_CORESTACK_Condition cause : null
2023-12-29 22:07:42,914 [INFO] LogOutputStream:77 - [STDOUT_REDIRECT] 1 : Invalid condition id : UX_CORESTACK_Condition cause : null
2023-12-29 22:07:42,916 [INFO] LogOutputStream:77 - [STDOUT_REDIRECT] 1 : Invalid condition id : UX_CORESTACK_Condition cause : null
2023-12-29 22:07:42,918 [INFO] LogOutputStream:77 - [STDOUT_REDIRECT] 1 : Invalid condition id : UX_CORESTACK_Condition cause : null
2023-12-29 22:07:42,926 [WARN] PackLoader:240 - Cannot read IP mode file for STMicroelectronics.X-CUBE-AZRTOS-WL.2.0.0
2023-12-29 22:07:42,955 [WARN] PackLoader:240 - Cannot read IP mode file for WES.I-CUBE-Cesium.1.3.0
2023-12-29 22:07:42,979 [WARN] PackLoader:240 - Cannot read IP mode file for STMicroelectronics.X-CUBE-BLE2.3.3.0
2023-12-29 22:07:43,004 [WARN] PackLoader:240 - Cannot read IP mode file for STMicroelectronics.X-CUBE-ALGOBUILD.1.3.0
2023-12-29 22:07:43,066 [WARN] PackLoader:240 - Cannot read IP mode file for STMicroelectronics.X-CUBE-AZRTOS-G0.1.1.0
2023-12-29 22:07:43,092 [WARN] PackLoader:240 - Cannot read IP mode file for STMicroelectronics.X-CUBE-NFC4.3.0.0
2023-12-29 22:07:43,127 [WARN] PackLoader:240 - Cannot read IP mode file for STMicroelectronics.X-CUBE-BLEMGR.3.0.0
2023-12-29 22:07:43,149 [WARN] PackLoader:240 - Cannot read IP mode file for STMicroelectronics.FP-ATR-SIGFOX1.3.2.0
2023-12-29 22:07:43,210 [WARN] PackLoader:240 - Cannot read IP mode file for SEGGER.I-CUBE-embOS.1.3.1
2023-12-29 22:07:43,290 [WARN] PackLoader:240 - Cannot read IP mode file for STMicroelectronics.X-CUBE-GNSS1.6.0.0
2023-12-29 22:07:43,531 [WARN] PackLoader:240 - Cannot read IP mode file for STMicroelectronics.X-CUBE-AZRTOS-F4.1.1.0
2023-12-29 22:07:43,599 [WARN] PackLoader:240 - Cannot read IP mode file for wolfSSL.I-CUBE-wolfSSL.5.6.3
2023-12-29 22:07:43,636 [WARN] PackLoader:240 - Cannot read IP mode file for STMicroelectronics.X-CUBE-AZRTOS-L5.2.0.0
2023-12-29 22:07:43,658 [WARN] PackLoader:240 - Cannot read IP mode file for STMicroelectronics.X-CUBE-EEPRMA1.4.2.0
2023-12-29 22:07:43,674 [WARN] PackLoader:240 - Cannot read IP mode file for ITTIA_DB.I-CUBE-ITTIADB.8.8.0
2023-12-29 22:07:43,719 [WARN] ConditionMgr:438 - getConditionDescription Invalid condition id : UX DEVICE CLASS RTOS Condition cause : null
2023-12-29 22:07:43,719 [WARN] ConditionMgr:438 - getConditionDescription Invalid condition id : UX DEVICE CLASS RTOS Condition cause : null
2023-12-29 22:07:43,724 [WARN] PackLoader:240 - Cannot read IP mode file for STMicroelectronics.X-CUBE-AZRTOS-H7.3.1.0
2023-12-29 22:07:43,727 [WARN] ConditionMgr:1039 - genDependencies : Invalid condition id : UX DEVICE CLASS RTOS Condition cause : null
2023-12-29 22:07:43,727 [WARN] ConditionMgr:1039 - genDependencies : Invalid condition id : UX DEVICE CLASS RTOS Condition cause : null
2023-12-29 22:07:43,728 [WARN] ConditionMgr:1039 - genDependencies : Invalid condition id : UX DEVICE CLASS RTOS Condition cause : null
2023-12-29 22:07:43,729 [WARN] ConditionMgr:1039 - genDependencies : Invalid condition id : UX DEVICE CLASS RTOS Condition cause : null
2023-12-29 22:07:43,729 [WARN] ConditionMgr:1039 - genDependencies : Invalid condition id : UX DEVICE CLASS RTOS Condition cause : null
2023-12-29 22:07:43,754 [WARN] PackLoader:240 - Cannot read IP mode file for STMicroelectronics.X-CUBE-NFC7.1.0.1
2023-12-29 22:07:43,773 [WARN] PackLoader:240 - Cannot read IP mode file for STMicroelectronics.X-CUBE-NFC6.3.0.0
2023-12-29 22:07:43,789 [WARN] PackLoader:240 - Cannot read IP mode file for STMicroelectronics.X-CUBE-AI.8.1.0
2023-12-29 22:07:43,836 [WARN] ConditionMgr:438 - getConditionDescription Invalid condition id : LAN8742 Phy interface Condition cause : null
2023-12-29 22:07:43,837 [WARN] PackLoader:240 - Cannot read IP mode file for STMicroelectronics.X-CUBE-AZRTOS-L4.2.0.0
2023-12-29 22:07:43,839 [WARN] ConditionMgr:1039 - genDependencies : Invalid condition id : LAN8742 Phy interface Condition cause : null
2023-12-29 22:07:43,839 [WARN] ConditionMgr:1039 - genDependencies : Invalid condition id : LAN8742 Phy interface Condition cause : null
2023-12-29 22:07:43,840 [WARN] ConditionMgr:1039 - genDependencies : Invalid condition id : LAN8742 Phy interface Condition cause : null
2023-12-29 22:07:43,859 [WARN] PackLoader:240 - Cannot read IP mode file for STMicroelectronics.X-CUBE-SFXS2LP1.4.0.0
2023-12-29 22:07:43,876 [WARN] PackLoader:240 - Cannot read IP mode file for STMicroelectronics.X-CUBE-ISPU.1.1.0
2023-12-29 22:07:43,918 [WARN] ConditionMgr:438 - getConditionDescription Invalid condition id : UX DEVICE CLASS RTOS Condition cause : null
2023-12-29 22:07:43,918 [WARN] ConditionMgr:438 - getConditionDescription Invalid condition id : UX DEVICE CLASS RTOS Condition cause : null
2023-12-29 22:07:43,922 [WARN] PackLoader:240 - Cannot read IP mode file for STMicroelectronics.X-CUBE-AZRTOS-WB.2.0.0
2023-12-29 22:07:43,923 [WARN] ConditionMgr:1039 - genDependencies : Invalid condition id : UX DEVICE CLASS RTOS Condition cause : null
2023-12-29 22:07:43,924 [WARN] ConditionMgr:1039 - genDependencies : Invalid condition id : UX DEVICE CLASS RTOS Condition cause : null
2023-12-29 22:07:43,924 [WARN] ConditionMgr:1039 - genDependencies : Invalid condition id : UX DEVICE CLASS RTOS Condition cause : null
2023-12-29 22:07:43,925 [WARN] ConditionMgr:1039 - genDependencies : Invalid condition id : UX DEVICE CLASS RTOS Condition cause : null
2023-12-29 22:07:43,925 [WARN] ConditionMgr:1039 - genDependencies : Invalid condition id : UX DEVICE CLASS RTOS Condition cause : null
2023-12-29 22:07:43,960 [WARN] PackLoader:240 - Cannot read IP mode file for STMicroelectronics.X-CUBE-SUBG2.5.0.0
2023-12-29 22:07:44,008 [WARN] PackLoader:240 - Cannot read IP mode file for STMicroelectronics.X-CUBE-TOF1.3.3.1
2023-12-29 22:07:44,071 [WARN] PackLoader:240 - Cannot read IP mode file for STMicroelectronics.X-CUBE-AZRTOS-G4.2.0.0
2023-12-29 22:07:44,111 [WARN] PackLoader:240 - Cannot read IP mode file for Infineon.AIROC-Wi-Fi-Bluetooth-STM32.1.5.1
2023-12-29 22:07:44,139 [WARN] PackLoader:240 - Cannot read IP mode file for STMicroelectronics.FP-SNS-MOTENVWB1.1.3.1
2023-12-29 22:07:44,156 [WARN] PackLoader:240 - Cannot read IP mode file for STMicroelectronics.X-CUBE-ISPU.2.0.0
2023-12-29 22:07:44,220 [WARN] PackLoader:240 - Cannot read IP mode file for STMicroelectronics.X-CUBE-MEMS1.10.0.0
2023-12-29 22:07:44,350 [WARN] PackLoader:240 - Cannot read IP mode file for STMicroelectronics.X-CUBE-FREERTOS.1.1.0
2023-12-29 22:07:44,374 [WARN] PackLoader:240 - Cannot read IP mode file for portGmbH.I-Cube-SoM-uGOAL.1.1.0
2023-12-29 22:07:44,390 [WARN] PackLoader:240 - Cannot read IP mode file for STMicroelectronics.X-CUBE-ALS.1.0.1
2023-12-29 22:07:44,404 [WARN] PackLoader:240 - Cannot read IP mode file for STMicroelectronics.FP-ATR-ASTRA1.2.0.0
2023-12-29 22:07:44,434 [WARN] PackLoader:240 - Cannot read IP mode file for STMicroelectronics.X-CUBE-TOF1.3.4.0
2023-12-29 22:07:44,481 [WARN] PackLoader:240 - Cannot read IP mode file for STMicroelectronics.X-CUBE-AZRTOS-H7.3.2.0
2023-12-29 22:07:44,484 [INFO] ThirdParty:978 - Integrity check success = true
2023-12-29 22:07:44,484 [INFO] IntegrityCheckThread:100 - exiting critical section [integrity check]
2023-12-29 22:07:44,484 [INFO] IntegrityCheckThread:103 - End integrity checks thread
2023-12-29 22:07:59,716 [ERROR] LogOutputStream:75 - [STDERR_REDIRECT] SLF4J: Failed to load class "org.slf4j.impl.StaticLoggerBinder".
2023-12-29 22:07:59,716 [ERROR] LogOutputStream:75 - [STDERR_REDIRECT] SLF4J: Defaulting to no-operation (NOP) logger implementation
2023-12-29 22:07:59,719 [ERROR] LogOutputStream:75 - [STDERR_REDIRECT] SLF4J: See http://www.slf4j.org/codes.html#StaticLoggerBinder for further details.
