2023-11-03 01:33:10,600 [ERROR] LogOutputStream:75 - [STDERR_REDIRECT] 
2023-11-03 12:03:59,395 [INFO] Activator:176 - 


2023-11-03 12:03:59,411 [INFO] Activator:177 - !SESSION log4j initialized
2023-11-03 12:04:29,550 [INFO] LogOutputStream:77 - [STDOUT_REDIRECT] 
2023-11-03 12:05:15,435 [INFO] ApplicationProperties:184 - Using Application install path: C:\ST\STM32CubeIDE_1.13.1\STM32CubeIDE\plugins\com.st.stm32cube.common.mx_6.9.1.202307191849
2023-11-03 12:05:15,463 [INFO] DbMcusXml:78 - Set database path to: C:\ST\STM32CubeIDE_1.13.1\STM32CubeIDE\plugins\com.st.stm32cube.common.mx_6.9.1.202307191849\\db\/mcu/
2023-11-03 12:05:15,463 [INFO] ApiDb:274 - Set plugin database path to: C:\ST\STM32CubeIDE_1.13.1\STM32CubeIDE\plugins\com.st.stm32cube.common.mx_6.9.1.202307191849\\db\/plugins/boardmanager/
2023-11-03 12:05:15,464 [WARN] ApiDb:259 - Overriding images path with different value:  => C:\ST\STM32CubeIDE_1.13.1\STM32CubeIDE\plugins\com.st.stm32cube.common.mx_6.9.1.202307191849\\db\/plugins/mcufinder/images/
2023-11-03 12:05:15,482 [INFO] ApiDb:250 - Set database path to: C:\Users\HP\.stmcufinder\plugins\mcufinder//mcu/
2023-11-03 12:05:15,484 [INFO] DbMcusAds:125 - Set database path to: C:\Users\HP\.stmcufinder\plugins\mcufinder//mcu/
2023-11-03 12:05:15,514 [INFO] CrossReferenceDbSqlite:203 - Set database path to: C:\Users\HP\.stmcufinder\plugins\mcufinder//mcu/cs/
2023-11-03 12:05:16,892 [INFO] RulesReader:64 - Compatibility file has been processed (293 Rules)
2023-11-03 12:05:17,345 [INFO] DbMcusXml:78 - Set database path to: C:\ST\STM32CubeIDE_1.13.1\STM32CubeIDE\plugins\com.st.stm32cube.common.mx_6.9.1.202307191849\\db\/mcu/
2023-11-03 12:05:17,345 [INFO] ApiDb:274 - Set plugin database path to: C:\ST\STM32CubeIDE_1.13.1\STM32CubeIDE\plugins\com.st.stm32cube.common.mx_6.9.1.202307191849\\db\/plugins/boardmanager/
2023-11-03 12:05:17,345 [INFO] ApiDb:261 - Set plugin images path to: C:\ST\STM32CubeIDE_1.13.1\STM32CubeIDE\plugins\com.st.stm32cube.common.mx_6.9.1.202307191849\\db\/plugins/mcufinder/images/
2023-11-03 12:05:17,346 [WARN] DbFile:41 - Overriding database path with different value: C:\Users\HP\.stmcufinder\plugins\mcufinder/ => C:\Users\HP\.stmcufinder\plugins\mcufinder
2023-11-03 12:05:17,346 [INFO] ApiDb:250 - Set database path to: C:\Users\HP\.stmcufinder\plugins\mcufinder//mcu/
2023-11-03 12:05:17,346 [WARN] DbFile:41 - Overriding database path with different value: C:\Users\HP\.stmcufinder\plugins\mcufinder/ => C:\Users\HP\.stmcufinder\plugins\mcufinder
2023-11-03 12:05:17,346 [INFO] DbMcusAds:125 - Set database path to: C:\Users\HP\.stmcufinder\plugins\mcufinder//mcu/
2023-11-03 12:05:17,346 [WARN] DbFile:41 - Overriding database path with different value: C:\Users\HP\.stmcufinder\plugins\mcufinder/ => C:\Users\HP\.stmcufinder\plugins\mcufinder
2023-11-03 12:05:17,347 [WARN] DbFile:41 - Overriding database path with different value: C:\Users\HP\.stmcufinder\plugins\mcufinder/ => C:\Users\HP\.stmcufinder\plugins\mcufinder
2023-11-03 12:05:17,347 [INFO] CrossReferenceDbSqlite:203 - Set database path to: C:\Users\HP\.stmcufinder\plugins\mcufinder//mcu/cs/
2023-11-03 12:05:18,417 [INFO] MainPanel:262 - HeapMemory: 268435456
2023-11-03 12:05:18,618 [INFO] DbMcusXml:78 - Set database path to: C:\ST\STM32CubeIDE_1.13.1\STM32CubeIDE\plugins\com.st.stm32cube.common.mx_6.9.1.202307191849\\db\/mcu/
2023-11-03 12:05:18,618 [INFO] ApiDb:274 - Set plugin database path to: C:\ST\STM32CubeIDE_1.13.1\STM32CubeIDE\plugins\com.st.stm32cube.common.mx_6.9.1.202307191849\\db\/plugins/boardmanager/
2023-11-03 12:05:18,618 [INFO] ApiDb:261 - Set plugin images path to: C:\ST\STM32CubeIDE_1.13.1\STM32CubeIDE\plugins\com.st.stm32cube.common.mx_6.9.1.202307191849\\db\/plugins/mcufinder/images/
2023-11-03 12:05:18,619 [WARN] DbFile:41 - Overriding database path with different value: C:\Users\HP\.stmcufinder\plugins\mcufinder/ => C:\Users\HP\.stmcufinder\plugins\mcufinder
2023-11-03 12:05:18,620 [INFO] ApiDb:250 - Set database path to: C:\Users\HP\.stmcufinder\plugins\mcufinder//mcu/
2023-11-03 12:05:18,620 [WARN] DbFile:41 - Overriding database path with different value: C:\Users\HP\.stmcufinder\plugins\mcufinder/ => C:\Users\HP\.stmcufinder\plugins\mcufinder
2023-11-03 12:05:18,620 [INFO] DbMcusAds:125 - Set database path to: C:\Users\HP\.stmcufinder\plugins\mcufinder//mcu/
2023-11-03 12:05:18,620 [WARN] DbFile:41 - Overriding database path with different value: C:\Users\HP\.stmcufinder\plugins\mcufinder/ => C:\Users\HP\.stmcufinder\plugins\mcufinder
2023-11-03 12:05:18,620 [WARN] DbFile:41 - Overriding database path with different value: C:\Users\HP\.stmcufinder\plugins\mcufinder/ => C:\Users\HP\.stmcufinder\plugins\mcufinder
2023-11-03 12:05:18,620 [INFO] CrossReferenceDbSqlite:203 - Set database path to: C:\Users\HP\.stmcufinder\plugins\mcufinder//mcu/cs/
2023-11-03 12:05:18,659 [INFO] ApplicationProperties:184 - Using Application install path: C:\ST\STM32CubeIDE_1.13.1\STM32CubeIDE\plugins\com.st.stm32cube.common.mx_6.9.1.202307191849
2023-11-03 12:05:18,661 [INFO] PluginManage:196 - Search for loadable plugins [exclusion list=, ]
2023-11-03 12:05:18,663 [INFO] PluginManage:310 - Check plugin analytics
2023-11-03 12:05:19,497 [INFO] AnalyticsPlugin:253 - Accepted Software Licenses: 
2023-11-03 12:05:19,497 [INFO] AnalyticsPlugin:255 - Accepted CMSIS Pack Licenses: 
2023-11-03 12:05:19,497 [INFO] AnalyticsPlugin:257 - Accepted Firmware Licenses: FW.F4.1.27.0
2023-11-03 12:05:19,501 [INFO] PluginManage:359 - Loaded plugin analytics (category:tool,tabindex:-1)
2023-11-03 12:05:19,502 [INFO] PluginManage:310 - Check plugin cadmodel
2023-11-03 12:05:19,853 [INFO] CADModel:105 - Init CAD model plugin
2023-11-03 12:05:19,854 [INFO] PluginManage:359 - Loaded plugin cadmodel (category:power,tabindex:5)
2023-11-03 12:05:19,854 [INFO] PluginManage:310 - Check plugin clock
2023-11-03 12:05:19,881 [INFO] PluginManage:359 - Loaded plugin clock (category:base,tabindex:2)
2023-11-03 12:05:19,882 [INFO] PluginManage:310 - Check plugin ddr
2023-11-03 12:05:19,886 [INFO] PluginManage:359 - Loaded plugin ddr (category:tool,tabindex:6)
2023-11-03 12:05:19,886 [INFO] PluginManage:310 - Check plugin filemanager
2023-11-03 12:05:20,112 [INFO] PluginManage:359 - Loaded plugin filemanager (category:base,tabindex:10)
2023-11-03 12:05:20,112 [INFO] PluginManage:310 - Check plugin ipmanager
2023-11-03 12:05:20,124 [INFO] PluginManage:359 - Loaded plugin ipmanager (category:base,tabindex:5)
2023-11-03 12:05:20,125 [INFO] PluginManage:310 - Check plugin lpbam
2023-11-03 12:05:20,779 [INFO] PluginManage:359 - Loaded plugin lpbam (category:base,tabindex:0)
2023-11-03 12:05:20,780 [INFO] PluginManage:310 - Check plugin memorymap
2023-11-03 12:05:20,822 [INFO] PluginManage:359 - Loaded plugin memorymap (category:base,tabindex:4)
2023-11-03 12:05:20,822 [INFO] PluginManage:310 - Check plugin pinoutandconfiguration
2023-11-03 12:05:21,159 [INFO] PluginManage:359 - Loaded plugin pinoutandconfiguration (category:base,tabindex:1)
2023-11-03 12:05:21,160 [INFO] PluginManage:310 - Check plugin pinoutconfig
2023-11-03 12:05:21,658 [WARN] SupportedApi:132 - Cannot load RTOS API schema: s4s-elt-must-match.1: The content of 'definitions' must match (annotation?, (simpleType | complexType)?, (unique | key | keyref)*)). A problem was found starting at: attribute.
2023-11-03 12:05:22,203 [INFO] PluginManage:359 - Loaded plugin pinoutconfig (category:base,tabindex:0)
2023-11-03 12:05:22,204 [INFO] PluginManage:310 - Check plugin power
2023-11-03 12:05:22,560 [INFO] PluginManage:359 - Loaded plugin power (category:power,tabindex:4)
2023-11-03 12:05:22,561 [INFO] PluginManage:310 - Check plugin projectmanager
2023-11-03 12:05:22,580 [INFO] PluginManage:359 - Loaded plugin projectmanager (category:projectmanager,tabindex:3)
2023-11-03 12:05:22,580 [INFO] PluginManage:310 - Check plugin thirdparty
2023-11-03 12:05:25,214 [INFO] PluginManage:359 - Loaded plugin thirdparty (category:base,tabindex:-1)
2023-11-03 12:05:25,214 [WARN] IntegrityCheckThread:84 - waiting for thirdparty lock release [integrity check]
2023-11-03 12:05:25,214 [INFO] PluginManage:310 - Check plugin tools
2023-11-03 12:05:25,214 [INFO] IntegrityCheckThread:86 - entering critical section [integrity check]
2023-11-03 12:05:25,215 [INFO] ThirdPartyUpdaterWithRetryManager:70 - Updater plugin not ready yet. [1/15]
2023-11-03 12:05:25,254 [INFO] PluginManage:359 - Loaded plugin tools (category:base,tabindex:7)
2023-11-03 12:05:25,254 [INFO] PluginManage:310 - Check plugin tutovideos
2023-11-03 12:05:27,546 [INFO] PluginManage:359 - Loaded plugin tutovideos (category:base,tabindex:-1)
2023-11-03 12:05:27,546 [INFO] PluginManage:310 - Check plugin updater
2023-11-03 12:05:27,563 [INFO] PluginManage:359 - Loaded plugin updater (category:base,tabindex:12)
2023-11-03 12:05:27,564 [INFO] PluginManage:310 - Check plugin userauth
2023-11-03 12:05:27,572 [INFO] UserAuth:113 - Init User Auth plugin
2023-11-03 12:05:27,572 [INFO] PluginManage:359 - Loaded plugin userauth (category:base,tabindex:14)
2023-11-03 12:05:27,573 [INFO] PluginManage:283 - PluginManage : Loaded plugins [17]
2023-11-03 12:05:28,217 [INFO] ThirdPartyUpdaterWithRetryManager:70 - Updater plugin not ready yet. [2/15]
2023-11-03 12:05:29,173 [INFO] PinOutPanel:1499 - setPackage(No Configuration,No Configuration)
2023-11-03 12:05:29,961 [INFO] CADModel:165 - CPN selected for project level
2023-11-03 12:05:29,962 [INFO] CADModel:114 - Register for checkConnection events
2023-11-03 12:05:30,005 [INFO] IPUIPlugin:80 - create IPUIPlugin
2023-11-03 12:05:30,005 [INFO] PluginManager:220 - loadIPPluginJar : add adc
2023-11-03 12:05:30,053 [INFO] IPUIPlugin:80 - create IPUIPlugin
2023-11-03 12:05:30,053 [INFO] PluginManager:220 - loadIPPluginJar : add aes
2023-11-03 12:05:30,101 [INFO] IPUIPlugin:80 - create IPUIPlugin
2023-11-03 12:05:30,101 [INFO] PluginManager:220 - loadIPPluginJar : add can
2023-11-03 12:05:30,127 [INFO] IPUIPlugin:80 - create IPUIPlugin
2023-11-03 12:05:30,127 [INFO] PluginManager:220 - loadIPPluginJar : add comp
2023-11-03 12:05:30,164 [INFO] IPUIPlugin:80 - create IPUIPlugin
2023-11-03 12:05:30,164 [INFO] PluginManager:220 - loadIPPluginJar : add cryp
2023-11-03 12:05:30,199 [INFO] IPUIPlugin:80 - create IPUIPlugin
2023-11-03 12:05:30,199 [INFO] PluginManager:220 - loadIPPluginJar : add dfsdm
2023-11-03 12:05:30,216 [INFO] IPUIPlugin:80 - create IPUIPlugin
2023-11-03 12:05:30,217 [INFO] PluginManager:220 - loadIPPluginJar : add dma
2023-11-03 12:05:30,267 [INFO] IPUIPlugin:80 - create IPUIPlugin
2023-11-03 12:05:30,267 [INFO] PluginManager:220 - loadIPPluginJar : add dma3
2023-11-03 12:05:30,291 [INFO] IPUIPlugin:80 - create IPUIPlugin
2023-11-03 12:05:30,291 [INFO] PluginManager:220 - loadIPPluginJar : add fatfs
2023-11-03 12:05:30,345 [INFO] IPUIPlugin:80 - create IPUIPlugin
2023-11-03 12:05:30,345 [INFO] PluginManager:220 - loadIPPluginJar : add fmc
2023-11-03 12:05:30,951 [INFO] IPUIPlugin:80 - create IPUIPlugin
2023-11-03 12:05:30,952 [INFO] PluginManager:220 - loadIPPluginJar : add freertos
2023-11-03 12:05:30,976 [INFO] IPUIPlugin:80 - create IPUIPlugin
2023-11-03 12:05:30,976 [INFO] PluginManager:220 - loadIPPluginJar : add genericplugin
2023-11-03 12:05:31,218 [INFO] ThirdPartyUpdaterWithRetryManager:70 - Updater plugin not ready yet. [3/15]
2023-11-03 12:05:31,381 [INFO] IPUIPlugin:80 - create IPUIPlugin
2023-11-03 12:05:31,381 [INFO] PluginManager:220 - loadIPPluginJar : add gfxmmu
2023-11-03 12:05:31,750 [INFO] IPUIPlugin:80 - create IPUIPlugin
2023-11-03 12:05:31,921 [INFO] PluginManager:220 - loadIPPluginJar : add gic
2023-11-03 12:05:32,416 [INFO] IPUIPlugin:80 - create IPUIPlugin
2023-11-03 12:05:32,416 [INFO] PluginManager:220 - loadIPPluginJar : add gpio
2023-11-03 12:05:32,855 [INFO] IPUIPlugin:80 - create IPUIPlugin
2023-11-03 12:05:32,856 [INFO] PluginManager:220 - loadIPPluginJar : add gtzc
2023-11-03 12:05:33,434 [INFO] IPUIPlugin:80 - create IPUIPlugin
2023-11-03 12:05:33,434 [INFO] PluginManager:220 - loadIPPluginJar : add hash
2023-11-03 12:05:33,495 [INFO] IPUIPlugin:80 - create IPUIPlugin
2023-11-03 12:05:33,495 [INFO] PluginManager:220 - loadIPPluginJar : add i2c
2023-11-03 12:05:33,826 [INFO] IPUIPlugin:80 - create IPUIPlugin
2023-11-03 12:05:33,826 [INFO] PluginManager:220 - loadIPPluginJar : add i2s
2023-11-03 12:05:34,173 [INFO] IPUIPlugin:80 - create IPUIPlugin
2023-11-03 12:05:34,173 [INFO] PluginManager:220 - loadIPPluginJar : add i3c
2023-11-03 12:05:34,220 [INFO] ThirdPartyUpdaterWithRetryManager:70 - Updater plugin not ready yet. [4/15]
2023-11-03 12:05:35,163 [INFO] IPUIPlugin:80 - create IPUIPlugin
2023-11-03 12:05:35,164 [INFO] PluginManager:220 - loadIPPluginJar : add ipddr
2023-11-03 12:05:35,855 [INFO] IPUIPlugin:80 - create IPUIPlugin
2023-11-03 12:05:35,855 [INFO] PluginManager:220 - loadIPPluginJar : add linkedlist
2023-11-03 12:05:35,896 [INFO] IPUIPlugin:80 - create IPUIPlugin
2023-11-03 12:05:35,896 [INFO] PluginManager:220 - loadIPPluginJar : add lorawan
2023-11-03 12:05:35,938 [INFO] IPUIPlugin:80 - create IPUIPlugin
2023-11-03 12:05:35,938 [INFO] PluginManager:220 - loadIPPluginJar : add ltdc
2023-11-03 12:05:35,958 [INFO] IPUIPlugin:80 - create IPUIPlugin
2023-11-03 12:05:35,958 [INFO] PluginManager:220 - loadIPPluginJar : add mdma
2023-11-03 12:05:35,982 [INFO] IPUIPlugin:80 - create IPUIPlugin
2023-11-03 12:05:35,982 [INFO] PluginManager:220 - loadIPPluginJar : add nvic
2023-11-03 12:05:36,024 [INFO] IPUIPlugin:80 - create IPUIPlugin
2023-11-03 12:05:36,024 [INFO] PluginManager:220 - loadIPPluginJar : add opamp
2023-11-03 12:05:36,407 [INFO] IPUIPlugin:80 - create IPUIPlugin
2023-11-03 12:05:36,407 [INFO] PluginManager:220 - loadIPPluginJar : add openamp
2023-11-03 12:05:36,459 [INFO] IPUIPlugin:80 - create IPUIPlugin
2023-11-03 12:05:36,459 [INFO] PluginManager:220 - loadIPPluginJar : add pdm2pcm
2023-11-03 12:05:36,481 [INFO] IPUIPlugin:80 - create IPUIPlugin
2023-11-03 12:05:36,484 [INFO] PluginManager:220 - loadIPPluginJar : add plateformsettings
2023-11-03 12:05:36,833 [INFO] IPUIPlugin:80 - create IPUIPlugin
2023-11-03 12:05:36,833 [INFO] PluginManager:220 - loadIPPluginJar : add quadspi
2023-11-03 12:05:36,853 [INFO] IPUIPlugin:80 - create IPUIPlugin
2023-11-03 12:05:36,853 [INFO] PluginManager:220 - loadIPPluginJar : add resmgrutility
2023-11-03 12:05:36,908 [INFO] IPUIPlugin:80 - create IPUIPlugin
2023-11-03 12:05:36,908 [INFO] PluginManager:220 - loadIPPluginJar : add sai
2023-11-03 12:05:36,952 [INFO] IPUIPlugin:80 - create IPUIPlugin
2023-11-03 12:05:36,953 [INFO] PluginManager:220 - loadIPPluginJar : add spi
2023-11-03 12:05:37,220 [INFO] ThirdPartyUpdaterWithRetryManager:70 - Updater plugin not ready yet. [5/15]
2023-11-03 12:05:37,317 [INFO] IPUIPlugin:80 - create IPUIPlugin
2023-11-03 12:05:37,317 [INFO] PluginManager:220 - loadIPPluginJar : add stm32_wpan
2023-11-03 12:05:37,344 [INFO] IPUIPlugin:80 - create IPUIPlugin
2023-11-03 12:05:37,344 [INFO] PluginManager:220 - loadIPPluginJar : add tim
2023-11-03 12:05:37,510 [INFO] IPUIPlugin:80 - create IPUIPlugin
2023-11-03 12:05:37,510 [INFO] PluginManager:220 - loadIPPluginJar : add touchsensing
2023-11-03 12:05:38,191 [INFO] IPUIPlugin:80 - create IPUIPlugin
2023-11-03 12:05:38,191 [INFO] PluginManager:220 - loadIPPluginJar : add tracer_emb
2023-11-03 12:05:38,218 [INFO] IPUIPlugin:80 - create IPUIPlugin
2023-11-03 12:05:38,218 [INFO] PluginManager:220 - loadIPPluginJar : add ts
2023-11-03 12:05:38,242 [INFO] IPUIPlugin:80 - create IPUIPlugin
2023-11-03 12:05:38,242 [INFO] PluginManager:220 - loadIPPluginJar : add tsc
2023-11-03 12:05:38,698 [INFO] IPUIPlugin:80 - create IPUIPlugin
2023-11-03 12:05:38,698 [INFO] PluginManager:220 - loadIPPluginJar : add ucpd
2023-11-03 12:05:38,767 [INFO] IPUIPlugin:80 - create IPUIPlugin
2023-11-03 12:05:38,767 [INFO] PluginManager:220 - loadIPPluginJar : add usart
2023-11-03 12:05:39,273 [INFO] IPUIPlugin:80 - create IPUIPlugin
2023-11-03 12:05:39,273 [INFO] PluginManager:220 - loadIPPluginJar : add usbx
2023-11-03 12:05:40,200 [INFO] CADModel:165 - CPN selected for project level
2023-11-03 12:05:40,200 [INFO] CADModel:114 - Register for checkConnection events
2023-11-03 12:05:40,200 [FATAL] Updater:308 - Updater called before beeing initialized
2023-11-03 12:05:40,200 [ERROR] CADModel:125 - Updater not yet initialized, retry later 
2023-11-03 12:05:40,222 [INFO] ThirdPartyUpdaterWithRetryManager:70 - Updater plugin not ready yet. [6/15]
2023-11-03 12:05:40,481 [INFO] CADModel:165 - CPN selected for project level
2023-11-03 12:05:40,481 [INFO] CADModel:114 - Register for checkConnection events
2023-11-03 12:05:40,481 [FATAL] Updater:308 - Updater called before beeing initialized
2023-11-03 12:05:40,481 [ERROR] CADModel:125 - Updater not yet initialized, retry later 
2023-11-03 12:05:40,487 [FATAL] Updater:308 - Updater called before beeing initialized
2023-11-03 12:05:40,678 [FATAL] Updater:308 - Updater called before beeing initialized
2023-11-03 12:05:40,690 [INFO] DbMcusAds:53 - JSON generation date=Tue Mar 07 14:50:55 BDT 2023 (1678179055335)
2023-11-03 12:05:40,690 [FATAL] Updater:308 - Updater called before beeing initialized
2023-11-03 12:05:40,823 [WARN] DetailPanel:346 - Failed to get advertising image, set to default
2023-11-03 12:05:40,951 [FATAL] Updater:308 - Updater called before beeing initialized
2023-11-03 12:05:40,963 [FATAL] Updater:308 - Updater called before beeing initialized
2023-11-03 12:05:40,964 [FATAL] Updater:308 - Updater called before beeing initialized
2023-11-03 12:05:40,964 [WARN] DetailPanel:346 - Failed to get advertising image, set to default
2023-11-03 12:05:40,965 [FATAL] Updater:308 - Updater called before beeing initialized
2023-11-03 12:05:41,068 [ERROR] Updater:1120 - MainUpdater not yet initialized. External WinMGr cannot be set.
2023-11-03 12:05:41,083 [INFO] Updater:1056 - Updater Version found : 6.9.1
2023-11-03 12:05:41,106 [INFO] ApplicationProperties:184 - Using Application install path: C:\ST\STM32CubeIDE_1.13.1\STM32CubeIDE\plugins\com.st.stm32cube.common.mx_6.9.1.202307191849
2023-11-03 12:05:41,157 [INFO] MainUpdater:521 - Copy updater definitions from MX database
2023-11-03 12:05:41,389 [INFO] MainUpdater:2868 - connection check result : 10
2023-11-03 12:05:41,389 [INFO] MainUpdater:3562 - Updater definition file requires update
2023-11-03 12:05:41,391 [INFO] MainUpdater:285 - Updater Check For Update Now.
2023-11-03 12:05:41,391 [INFO] MicroXplorer:498 - Change Database Version : DB.6.0.91
2023-11-03 12:05:41,414 [INFO] McuFinderGlobals:63 - Set McuFinder mode to 2 (CubeIDE integrated)
2023-11-03 12:05:41,473 [INFO] ServerAccessManage:473 - Download File updaters.zip
2023-11-03 12:05:41,647 [INFO] FileExtend:240 - Unzip File : updaters.zip
2023-11-03 12:05:41,648 [INFO] FileExtend:255 - Standard Zip Deflate
2023-11-03 12:05:42,277 [INFO] ServerAccessManage:473 - Download File PacksControlFlags.xml
2023-11-03 12:05:42,454 [INFO] ServerAccessManage:473 - Download File cubemx.pidx
2023-11-03 12:05:42,720 [INFO] LoadServerUpdatesThread:373 - End of LoadServerUpdate Thread
2023-11-03 12:05:43,025 [INFO] CheckServerUpdateThread:120 - End of CheckServer Thread
2023-11-03 12:05:43,692 [WARN] PackLoader:240 - Cannot read IP mode file for STMicroelectronics.X-CUBE-SMBUS.2.1.0
2023-11-03 12:05:43,772 [WARN] PackLoader:240 - Cannot read IP mode file for STMicroelectronics.X-CUBE-AZRTOS-F7.1.1.0
2023-11-03 12:05:43,810 [WARN] PackLoader:240 - Cannot read IP mode file for STMicroelectronics.FP-SNS-MOTENV1.4.3.2
2023-11-03 12:05:43,853 [WARN] PackLoader:240 - Cannot read IP mode file for STMicroelectronics.FP-SNS-FLIGHT1.5.0.2
2023-11-03 12:05:43,881 [WARN] PackLoader:240 - Cannot read IP mode file for STMicroelectronics.X-CUBE-DISPLAY.3.0.0
2023-11-03 12:05:43,915 [WARN] PackLoader:240 - Cannot read IP mode file for STMicroelectronics.X-CUBE-BLE1.7.0.0
2023-11-03 12:05:43,964 [WARN] PackLoader:240 - Cannot read IP mode file for emotas.I-CUBE-CANOPEN.1.3.0
2023-11-03 12:05:43,985 [WARN] PackLoader:240 - Cannot read IP mode file for STMicroelectronics.X-CUBE-TOUCHGFX.4.22.1
2023-11-03 12:05:44,026 [WARN] PackLoader:240 - Cannot read IP mode file for STMicroelectronics.FP-SNS-SMARTAG2.1.2.0
2023-11-03 12:05:44,065 [INFO] LogOutputStream:77 - [STDOUT_REDIRECT] 1 : Invalid condition id : UX_CORESTACK_Condition cause : null
2023-11-03 12:05:44,066 [INFO] LogOutputStream:77 - [STDOUT_REDIRECT] 1 : Invalid condition id : UX_CORESTACK_Condition cause : null
2023-11-03 12:05:44,068 [INFO] LogOutputStream:77 - [STDOUT_REDIRECT] 1 : Invalid condition id : UX_CORESTACK_Condition cause : null
2023-11-03 12:05:44,070 [INFO] LogOutputStream:77 - [STDOUT_REDIRECT] 1 : Invalid condition id : UX_CORESTACK_Condition cause : null
2023-11-03 12:05:44,072 [INFO] LogOutputStream:77 - [STDOUT_REDIRECT] 1 : Invalid condition id : UX_CORESTACK_Condition cause : null
2023-11-03 12:05:44,078 [WARN] PackLoader:240 - Cannot read IP mode file for STMicroelectronics.X-CUBE-AZRTOS-WL.2.0.0
2023-11-03 12:05:44,123 [WARN] PackLoader:240 - Cannot read IP mode file for WES.I-CUBE-Cesium.1.3.0
2023-11-03 12:05:44,142 [WARN] PackLoader:240 - Cannot read IP mode file for STMicroelectronics.X-CUBE-BLE2.3.3.0
2023-11-03 12:05:44,177 [WARN] PackLoader:240 - Cannot read IP mode file for STMicroelectronics.X-CUBE-ALGOBUILD.1.3.0
2023-11-03 12:05:44,230 [WARN] PackLoader:240 - Cannot read IP mode file for STMicroelectronics.X-CUBE-AZRTOS-G0.1.1.0
2023-11-03 12:05:44,276 [WARN] PackLoader:240 - Cannot read IP mode file for STMicroelectronics.X-CUBE-NFC4.3.0.0
2023-11-03 12:05:44,307 [WARN] PackLoader:240 - Cannot read IP mode file for STMicroelectronics.X-CUBE-BLEMGR.3.0.0
2023-11-03 12:05:44,348 [WARN] PackLoader:240 - Cannot read IP mode file for STMicroelectronics.FP-ATR-SIGFOX1.3.2.0
2023-11-03 12:05:44,374 [WARN] PackLoader:240 - Cannot read IP mode file for STMicroelectronics.X-CUBE-GNSS1.6.0.0
2023-11-03 12:05:44,445 [WARN] PackLoader:240 - Cannot read IP mode file for STMicroelectronics.X-CUBE-AZRTOS-F4.1.1.0
2023-11-03 12:05:44,488 [WARN] PackLoader:240 - Cannot read IP mode file for wolfSSL.I-CUBE-wolfSSL.5.6.3
2023-11-03 12:05:44,559 [WARN] PackLoader:240 - Cannot read IP mode file for STMicroelectronics.X-CUBE-AZRTOS-L5.2.0.0
2023-11-03 12:05:44,602 [WARN] PackLoader:240 - Cannot read IP mode file for STMicroelectronics.X-CUBE-EEPRMA1.4.2.0
2023-11-03 12:05:44,646 [WARN] PackLoader:240 - Cannot read IP mode file for ITTIA_DB.I-CUBE-ITTIADB.8.8.0
2023-11-03 12:05:44,698 [WARN] ConditionMgr:438 - getConditionDescription Invalid condition id : UX DEVICE CLASS RTOS Condition cause : null
2023-11-03 12:05:44,699 [WARN] ConditionMgr:438 - getConditionDescription Invalid condition id : UX DEVICE CLASS RTOS Condition cause : null
2023-11-03 12:05:44,706 [WARN] PackLoader:240 - Cannot read IP mode file for STMicroelectronics.X-CUBE-AZRTOS-H7.3.1.0
2023-11-03 12:05:44,707 [WARN] ConditionMgr:1039 - genDependencies : Invalid condition id : UX DEVICE CLASS RTOS Condition cause : null
2023-11-03 12:05:44,708 [WARN] ConditionMgr:1039 - genDependencies : Invalid condition id : UX DEVICE CLASS RTOS Condition cause : null
2023-11-03 12:05:44,709 [WARN] ConditionMgr:1039 - genDependencies : Invalid condition id : UX DEVICE CLASS RTOS Condition cause : null
2023-11-03 12:05:44,710 [WARN] ConditionMgr:1039 - genDependencies : Invalid condition id : UX DEVICE CLASS RTOS Condition cause : null
2023-11-03 12:05:44,710 [WARN] ConditionMgr:1039 - genDependencies : Invalid condition id : UX DEVICE CLASS RTOS Condition cause : null
2023-11-03 12:05:44,750 [WARN] PackLoader:240 - Cannot read IP mode file for STMicroelectronics.X-CUBE-NFC7.1.0.1
2023-11-03 12:05:44,776 [WARN] PackLoader:240 - Cannot read IP mode file for STMicroelectronics.X-CUBE-NFC6.3.0.0
2023-11-03 12:05:44,819 [WARN] PackLoader:240 - Cannot read IP mode file for STMicroelectronics.X-CUBE-AI.8.1.0
2023-11-03 12:05:44,873 [WARN] ConditionMgr:438 - getConditionDescription Invalid condition id : LAN8742 Phy interface Condition cause : null
2023-11-03 12:05:44,874 [WARN] PackLoader:240 - Cannot read IP mode file for STMicroelectronics.X-CUBE-AZRTOS-L4.2.0.0
2023-11-03 12:05:44,877 [WARN] ConditionMgr:1039 - genDependencies : Invalid condition id : LAN8742 Phy interface Condition cause : null
2023-11-03 12:05:44,877 [WARN] ConditionMgr:1039 - genDependencies : Invalid condition id : LAN8742 Phy interface Condition cause : null
2023-11-03 12:05:44,878 [WARN] ConditionMgr:1039 - genDependencies : Invalid condition id : LAN8742 Phy interface Condition cause : null
2023-11-03 12:05:44,906 [WARN] PackLoader:240 - Cannot read IP mode file for STMicroelectronics.X-CUBE-SFXS2LP1.4.0.0
2023-11-03 12:05:44,927 [WARN] PackLoader:240 - Cannot read IP mode file for STMicroelectronics.X-CUBE-ISPU.1.1.0
2023-11-03 12:05:44,988 [WARN] ConditionMgr:438 - getConditionDescription Invalid condition id : UX DEVICE CLASS RTOS Condition cause : null
2023-11-03 12:05:44,988 [WARN] ConditionMgr:438 - getConditionDescription Invalid condition id : UX DEVICE CLASS RTOS Condition cause : null
2023-11-03 12:05:44,993 [WARN] PackLoader:240 - Cannot read IP mode file for STMicroelectronics.X-CUBE-AZRTOS-WB.2.0.0
2023-11-03 12:05:44,995 [WARN] ConditionMgr:1039 - genDependencies : Invalid condition id : UX DEVICE CLASS RTOS Condition cause : null
2023-11-03 12:05:44,995 [WARN] ConditionMgr:1039 - genDependencies : Invalid condition id : UX DEVICE CLASS RTOS Condition cause : null
2023-11-03 12:05:44,996 [WARN] ConditionMgr:1039 - genDependencies : Invalid condition id : UX DEVICE CLASS RTOS Condition cause : null
2023-11-03 12:05:44,997 [WARN] ConditionMgr:1039 - genDependencies : Invalid condition id : UX DEVICE CLASS RTOS Condition cause : null
2023-11-03 12:05:44,997 [WARN] ConditionMgr:1039 - genDependencies : Invalid condition id : UX DEVICE CLASS RTOS Condition cause : null
2023-11-03 12:05:45,072 [WARN] PackLoader:240 - Cannot read IP mode file for STMicroelectronics.X-CUBE-SUBG2.5.0.0
2023-11-03 12:05:45,139 [WARN] PackLoader:240 - Cannot read IP mode file for STMicroelectronics.X-CUBE-TOF1.3.3.1
2023-11-03 12:05:45,226 [WARN] PackLoader:240 - Cannot read IP mode file for STMicroelectronics.X-CUBE-AZRTOS-G4.2.0.0
2023-11-03 12:05:45,274 [WARN] PackLoader:240 - Cannot read IP mode file for Infineon.AIROC-Wi-Fi-Bluetooth-STM32.1.5.1
2023-11-03 12:05:45,400 [WARN] PackLoader:240 - Cannot read IP mode file for STMicroelectronics.X-CUBE-MEMS1.10.0.0
2023-11-03 12:05:45,652 [WARN] PackLoader:240 - Cannot read IP mode file for STMicroelectronics.X-CUBE-FREERTOS.1.1.0
2023-11-03 12:05:45,689 [WARN] PackLoader:240 - Cannot read IP mode file for portGmbH.I-Cube-SoM-uGOAL.1.1.0
2023-11-03 12:05:45,711 [WARN] PackLoader:240 - Cannot read IP mode file for STMicroelectronics.X-CUBE-ALS.1.0.1
2023-11-03 12:05:45,730 [WARN] PackLoader:240 - Cannot read IP mode file for STMicroelectronics.FP-ATR-ASTRA1.2.0.0
2023-11-03 12:05:45,731 [INFO] ThirdParty:978 - Integrity check success = true
2023-11-03 12:05:45,731 [INFO] IntegrityCheckThread:100 - exiting critical section [integrity check]
2023-11-03 12:05:45,732 [INFO] IntegrityCheckThread:103 - End integrity checks thread
2023-11-03 12:06:04,257 [ERROR] LogOutputStream:75 - [STDERR_REDIRECT] SLF4J: Failed to load class "org.slf4j.impl.StaticLoggerBinder".
2023-11-03 12:06:04,258 [ERROR] LogOutputStream:75 - [STDERR_REDIRECT] SLF4J: Defaulting to no-operation (NOP) logger implementation
2023-11-03 12:06:04,260 [ERROR] LogOutputStream:75 - [STDERR_REDIRECT] SLF4J: See http://www.slf4j.org/codes.html#StaticLoggerBinder for further details.
