2023-11-04 21:07:19,623 [INFO] Activator:176 - 


2023-11-04 21:07:19,631 [INFO] Activator:177 - !SESSION log4j initialized
2023-11-04 21:07:29,343 [INFO] LogOutputStream:77 - [STDOUT_REDIRECT] 
2023-11-04 21:07:32,531 [INFO] ApplicationProperties:184 - Using Application install path: C:\ST\STM32CubeIDE_1.13.1\STM32CubeIDE\plugins\com.st.stm32cube.common.mx_6.9.1.202307191849
2023-11-04 21:07:32,561 [INFO] DbMcusXml:78 - Set database path to: C:\ST\STM32CubeIDE_1.13.1\STM32CubeIDE\plugins\com.st.stm32cube.common.mx_6.9.1.202307191849\\db\/mcu/
2023-11-04 21:07:32,562 [INFO] ApiDb:274 - Set plugin database path to: C:\ST\STM32CubeIDE_1.13.1\STM32CubeIDE\plugins\com.st.stm32cube.common.mx_6.9.1.202307191849\\db\/plugins/boardmanager/
2023-11-04 21:07:32,563 [WARN] ApiDb:259 - Overriding images path with different value:  => C:\ST\STM32CubeIDE_1.13.1\STM32CubeIDE\plugins\com.st.stm32cube.common.mx_6.9.1.202307191849\\db\/plugins/mcufinder/images/
2023-11-04 21:07:32,585 [INFO] ApiDb:250 - Set database path to: C:\Users\HP\.stmcufinder\plugins\mcufinder//mcu/
2023-11-04 21:07:32,586 [INFO] DbMcusAds:125 - Set database path to: C:\Users\HP\.stmcufinder\plugins\mcufinder//mcu/
2023-11-04 21:07:32,589 [INFO] CrossReferenceDbSqlite:203 - Set database path to: C:\Users\HP\.stmcufinder\plugins\mcufinder//mcu/cs/
2023-11-04 21:07:32,771 [INFO] RulesReader:64 - Compatibility file has been processed (293 Rules)
2023-11-04 21:07:32,922 [INFO] DbMcusXml:78 - Set database path to: C:\ST\STM32CubeIDE_1.13.1\STM32CubeIDE\plugins\com.st.stm32cube.common.mx_6.9.1.202307191849\\db\/mcu/
2023-11-04 21:07:32,923 [INFO] ApiDb:274 - Set plugin database path to: C:\ST\STM32CubeIDE_1.13.1\STM32CubeIDE\plugins\com.st.stm32cube.common.mx_6.9.1.202307191849\\db\/plugins/boardmanager/
2023-11-04 21:07:32,923 [INFO] ApiDb:261 - Set plugin images path to: C:\ST\STM32CubeIDE_1.13.1\STM32CubeIDE\plugins\com.st.stm32cube.common.mx_6.9.1.202307191849\\db\/plugins/mcufinder/images/
2023-11-04 21:07:32,923 [WARN] DbFile:41 - Overriding database path with different value: C:\Users\HP\.stmcufinder\plugins\mcufinder/ => C:\Users\HP\.stmcufinder\plugins\mcufinder
2023-11-04 21:07:32,924 [INFO] ApiDb:250 - Set database path to: C:\Users\HP\.stmcufinder\plugins\mcufinder//mcu/
2023-11-04 21:07:32,924 [WARN] DbFile:41 - Overriding database path with different value: C:\Users\HP\.stmcufinder\plugins\mcufinder/ => C:\Users\HP\.stmcufinder\plugins\mcufinder
2023-11-04 21:07:32,924 [INFO] DbMcusAds:125 - Set database path to: C:\Users\HP\.stmcufinder\plugins\mcufinder//mcu/
2023-11-04 21:07:32,924 [WARN] DbFile:41 - Overriding database path with different value: C:\Users\HP\.stmcufinder\plugins\mcufinder/ => C:\Users\HP\.stmcufinder\plugins\mcufinder
2023-11-04 21:07:32,924 [WARN] DbFile:41 - Overriding database path with different value: C:\Users\HP\.stmcufinder\plugins\mcufinder/ => C:\Users\HP\.stmcufinder\plugins\mcufinder
2023-11-04 21:07:32,924 [INFO] CrossReferenceDbSqlite:203 - Set database path to: C:\Users\HP\.stmcufinder\plugins\mcufinder//mcu/cs/
2023-11-04 21:07:33,052 [INFO] MainPanel:262 - HeapMemory: 268435456
2023-11-04 21:07:33,226 [INFO] DbMcusXml:78 - Set database path to: C:\ST\STM32CubeIDE_1.13.1\STM32CubeIDE\plugins\com.st.stm32cube.common.mx_6.9.1.202307191849\\db\/mcu/
2023-11-04 21:07:33,226 [INFO] ApiDb:274 - Set plugin database path to: C:\ST\STM32CubeIDE_1.13.1\STM32CubeIDE\plugins\com.st.stm32cube.common.mx_6.9.1.202307191849\\db\/plugins/boardmanager/
2023-11-04 21:07:33,226 [INFO] ApiDb:261 - Set plugin images path to: C:\ST\STM32CubeIDE_1.13.1\STM32CubeIDE\plugins\com.st.stm32cube.common.mx_6.9.1.202307191849\\db\/plugins/mcufinder/images/
2023-11-04 21:07:33,227 [WARN] DbFile:41 - Overriding database path with different value: C:\Users\HP\.stmcufinder\plugins\mcufinder/ => C:\Users\HP\.stmcufinder\plugins\mcufinder
2023-11-04 21:07:33,227 [INFO] ApiDb:250 - Set database path to: C:\Users\HP\.stmcufinder\plugins\mcufinder//mcu/
2023-11-04 21:07:33,227 [WARN] DbFile:41 - Overriding database path with different value: C:\Users\HP\.stmcufinder\plugins\mcufinder/ => C:\Users\HP\.stmcufinder\plugins\mcufinder
2023-11-04 21:07:33,228 [INFO] DbMcusAds:125 - Set database path to: C:\Users\HP\.stmcufinder\plugins\mcufinder//mcu/
2023-11-04 21:07:33,228 [WARN] DbFile:41 - Overriding database path with different value: C:\Users\HP\.stmcufinder\plugins\mcufinder/ => C:\Users\HP\.stmcufinder\plugins\mcufinder
2023-11-04 21:07:33,228 [WARN] DbFile:41 - Overriding database path with different value: C:\Users\HP\.stmcufinder\plugins\mcufinder/ => C:\Users\HP\.stmcufinder\plugins\mcufinder
2023-11-04 21:07:33,228 [INFO] CrossReferenceDbSqlite:203 - Set database path to: C:\Users\HP\.stmcufinder\plugins\mcufinder//mcu/cs/
2023-11-04 21:07:33,257 [INFO] ApplicationProperties:184 - Using Application install path: C:\ST\STM32CubeIDE_1.13.1\STM32CubeIDE\plugins\com.st.stm32cube.common.mx_6.9.1.202307191849
2023-11-04 21:07:33,259 [INFO] PluginManage:196 - Search for loadable plugins [exclusion list=, ]
2023-11-04 21:07:33,261 [INFO] PluginManage:310 - Check plugin analytics
2023-11-04 21:07:33,504 [INFO] AnalyticsPlugin:253 - Accepted Software Licenses: 
2023-11-04 21:07:33,504 [INFO] AnalyticsPlugin:255 - Accepted CMSIS Pack Licenses: 
2023-11-04 21:07:33,504 [INFO] AnalyticsPlugin:257 - Accepted Firmware Licenses: FW.F4.1.27.0
2023-11-04 21:07:33,509 [INFO] PluginManage:359 - Loaded plugin analytics (category:tool,tabindex:-1)
2023-11-04 21:07:33,510 [INFO] PluginManage:310 - Check plugin cadmodel
2023-11-04 21:07:33,535 [INFO] CADModel:105 - Init CAD model plugin
2023-11-04 21:07:33,535 [INFO] PluginManage:359 - Loaded plugin cadmodel (category:power,tabindex:5)
2023-11-04 21:07:33,535 [INFO] PluginManage:310 - Check plugin clock
2023-11-04 21:07:33,570 [INFO] PluginManage:359 - Loaded plugin clock (category:base,tabindex:2)
2023-11-04 21:07:33,570 [INFO] PluginManage:310 - Check plugin ddr
2023-11-04 21:07:33,575 [INFO] PluginManage:359 - Loaded plugin ddr (category:tool,tabindex:6)
2023-11-04 21:07:33,576 [INFO] PluginManage:310 - Check plugin filemanager
2023-11-04 21:07:33,803 [INFO] PluginManage:359 - Loaded plugin filemanager (category:base,tabindex:10)
2023-11-04 21:07:33,803 [INFO] PluginManage:310 - Check plugin ipmanager
2023-11-04 21:07:33,816 [INFO] PluginManage:359 - Loaded plugin ipmanager (category:base,tabindex:5)
2023-11-04 21:07:33,817 [INFO] PluginManage:310 - Check plugin lpbam
2023-11-04 21:07:33,845 [INFO] PluginManage:359 - Loaded plugin lpbam (category:base,tabindex:0)
2023-11-04 21:07:33,845 [INFO] PluginManage:310 - Check plugin memorymap
2023-11-04 21:07:33,882 [INFO] PluginManage:359 - Loaded plugin memorymap (category:base,tabindex:4)
2023-11-04 21:07:33,882 [INFO] PluginManage:310 - Check plugin pinoutandconfiguration
2023-11-04 21:07:33,905 [INFO] PluginManage:359 - Loaded plugin pinoutandconfiguration (category:base,tabindex:1)
2023-11-04 21:07:33,906 [INFO] PluginManage:310 - Check plugin pinoutconfig
2023-11-04 21:07:34,063 [WARN] SupportedApi:132 - Cannot load RTOS API schema: s4s-elt-must-match.1: The content of 'definitions' must match (annotation?, (simpleType | complexType)?, (unique | key | keyref)*)). A problem was found starting at: attribute.
2023-11-04 21:07:34,275 [INFO] PluginManage:359 - Loaded plugin pinoutconfig (category:base,tabindex:0)
2023-11-04 21:07:34,275 [INFO] PluginManage:310 - Check plugin power
2023-11-04 21:07:34,308 [INFO] PluginManage:359 - Loaded plugin power (category:power,tabindex:4)
2023-11-04 21:07:34,308 [INFO] PluginManage:310 - Check plugin projectmanager
2023-11-04 21:07:34,331 [INFO] PluginManage:359 - Loaded plugin projectmanager (category:projectmanager,tabindex:3)
2023-11-04 21:07:34,332 [INFO] PluginManage:310 - Check plugin thirdparty
2023-11-04 21:07:34,737 [INFO] PluginManage:359 - Loaded plugin thirdparty (category:base,tabindex:-1)
2023-11-04 21:07:34,737 [WARN] IntegrityCheckThread:84 - waiting for thirdparty lock release [integrity check]
2023-11-04 21:07:34,737 [INFO] PluginManage:310 - Check plugin tools
2023-11-04 21:07:34,738 [INFO] IntegrityCheckThread:86 - entering critical section [integrity check]
2023-11-04 21:07:34,739 [INFO] ThirdPartyUpdaterWithRetryManager:70 - Updater plugin not ready yet. [1/15]
2023-11-04 21:07:34,791 [INFO] PluginManage:359 - Loaded plugin tools (category:base,tabindex:7)
2023-11-04 21:07:34,791 [INFO] PluginManage:310 - Check plugin tutovideos
2023-11-04 21:07:35,089 [INFO] PluginManage:359 - Loaded plugin tutovideos (category:base,tabindex:-1)
2023-11-04 21:07:35,090 [INFO] PluginManage:310 - Check plugin updater
2023-11-04 21:07:35,109 [INFO] PluginManage:359 - Loaded plugin updater (category:base,tabindex:12)
2023-11-04 21:07:35,109 [INFO] PluginManage:310 - Check plugin userauth
2023-11-04 21:07:35,118 [INFO] UserAuth:113 - Init User Auth plugin
2023-11-04 21:07:35,118 [INFO] PluginManage:359 - Loaded plugin userauth (category:base,tabindex:14)
2023-11-04 21:07:35,119 [INFO] PluginManage:283 - PluginManage : Loaded plugins [17]
2023-11-04 21:07:35,493 [INFO] PinOutPanel:1499 - setPackage(No Configuration,No Configuration)
2023-11-04 21:07:35,667 [INFO] CADModel:165 - CPN selected for project level
2023-11-04 21:07:35,667 [INFO] CADModel:114 - Register for checkConnection events
2023-11-04 21:07:35,702 [INFO] IPUIPlugin:80 - create IPUIPlugin
2023-11-04 21:07:35,702 [INFO] PluginManager:220 - loadIPPluginJar : add adc
2023-11-04 21:07:35,742 [INFO] IPUIPlugin:80 - create IPUIPlugin
2023-11-04 21:07:35,742 [INFO] PluginManager:220 - loadIPPluginJar : add aes
2023-11-04 21:07:35,790 [INFO] IPUIPlugin:80 - create IPUIPlugin
2023-11-04 21:07:35,790 [INFO] PluginManager:220 - loadIPPluginJar : add can
2023-11-04 21:07:35,816 [INFO] IPUIPlugin:80 - create IPUIPlugin
2023-11-04 21:07:35,816 [INFO] PluginManager:220 - loadIPPluginJar : add comp
2023-11-04 21:07:35,857 [INFO] IPUIPlugin:80 - create IPUIPlugin
2023-11-04 21:07:35,857 [INFO] PluginManager:220 - loadIPPluginJar : add cryp
2023-11-04 21:07:35,893 [INFO] IPUIPlugin:80 - create IPUIPlugin
2023-11-04 21:07:35,893 [INFO] PluginManager:220 - loadIPPluginJar : add dfsdm
2023-11-04 21:07:35,912 [INFO] IPUIPlugin:80 - create IPUIPlugin
2023-11-04 21:07:35,913 [INFO] PluginManager:220 - loadIPPluginJar : add dma
2023-11-04 21:07:35,972 [INFO] IPUIPlugin:80 - create IPUIPlugin
2023-11-04 21:07:35,972 [INFO] PluginManager:220 - loadIPPluginJar : add dma3
2023-11-04 21:07:36,002 [INFO] IPUIPlugin:80 - create IPUIPlugin
2023-11-04 21:07:36,002 [INFO] PluginManager:220 - loadIPPluginJar : add fatfs
2023-11-04 21:07:36,061 [INFO] IPUIPlugin:80 - create IPUIPlugin
2023-11-04 21:07:36,061 [INFO] PluginManager:220 - loadIPPluginJar : add fmc
2023-11-04 21:07:36,079 [INFO] IPUIPlugin:80 - create IPUIPlugin
2023-11-04 21:07:36,079 [INFO] PluginManager:220 - loadIPPluginJar : add freertos
2023-11-04 21:07:36,103 [INFO] IPUIPlugin:80 - create IPUIPlugin
2023-11-04 21:07:36,104 [INFO] PluginManager:220 - loadIPPluginJar : add genericplugin
2023-11-04 21:07:36,238 [INFO] IPUIPlugin:80 - create IPUIPlugin
2023-11-04 21:07:36,239 [INFO] PluginManager:220 - loadIPPluginJar : add gfxmmu
2023-11-04 21:07:36,416 [INFO] IPUIPlugin:80 - create IPUIPlugin
2023-11-04 21:07:36,417 [INFO] PluginManager:220 - loadIPPluginJar : add gic
2023-11-04 21:07:36,436 [INFO] IPUIPlugin:80 - create IPUIPlugin
2023-11-04 21:07:36,436 [INFO] PluginManager:220 - loadIPPluginJar : add gpio
2023-11-04 21:07:36,571 [INFO] IPUIPlugin:80 - create IPUIPlugin
2023-11-04 21:07:36,571 [INFO] PluginManager:220 - loadIPPluginJar : add gtzc
2023-11-04 21:07:36,617 [INFO] IPUIPlugin:80 - create IPUIPlugin
2023-11-04 21:07:36,617 [INFO] PluginManager:220 - loadIPPluginJar : add hash
2023-11-04 21:07:36,697 [INFO] IPUIPlugin:80 - create IPUIPlugin
2023-11-04 21:07:36,697 [INFO] PluginManager:220 - loadIPPluginJar : add i2c
2023-11-04 21:07:36,748 [INFO] IPUIPlugin:80 - create IPUIPlugin
2023-11-04 21:07:36,748 [INFO] PluginManager:220 - loadIPPluginJar : add i2s
2023-11-04 21:07:36,804 [INFO] IPUIPlugin:80 - create IPUIPlugin
2023-11-04 21:07:36,804 [INFO] PluginManager:220 - loadIPPluginJar : add i3c
2023-11-04 21:07:36,957 [INFO] IPUIPlugin:80 - create IPUIPlugin
2023-11-04 21:07:36,957 [INFO] PluginManager:220 - loadIPPluginJar : add ipddr
2023-11-04 21:07:37,108 [INFO] IPUIPlugin:80 - create IPUIPlugin
2023-11-04 21:07:37,108 [INFO] PluginManager:220 - loadIPPluginJar : add linkedlist
2023-11-04 21:07:37,163 [INFO] IPUIPlugin:80 - create IPUIPlugin
2023-11-04 21:07:37,164 [INFO] PluginManager:220 - loadIPPluginJar : add lorawan
2023-11-04 21:07:37,219 [INFO] IPUIPlugin:80 - create IPUIPlugin
2023-11-04 21:07:37,219 [INFO] PluginManager:220 - loadIPPluginJar : add ltdc
2023-11-04 21:07:37,244 [INFO] IPUIPlugin:80 - create IPUIPlugin
2023-11-04 21:07:37,244 [INFO] PluginManager:220 - loadIPPluginJar : add mdma
2023-11-04 21:07:37,259 [INFO] IPUIPlugin:80 - create IPUIPlugin
2023-11-04 21:07:37,259 [INFO] PluginManager:220 - loadIPPluginJar : add nvic
2023-11-04 21:07:37,317 [INFO] IPUIPlugin:80 - create IPUIPlugin
2023-11-04 21:07:37,318 [INFO] PluginManager:220 - loadIPPluginJar : add opamp
2023-11-04 21:07:37,415 [INFO] IPUIPlugin:80 - create IPUIPlugin
2023-11-04 21:07:37,416 [INFO] PluginManager:220 - loadIPPluginJar : add openamp
2023-11-04 21:07:37,491 [INFO] IPUIPlugin:80 - create IPUIPlugin
2023-11-04 21:07:37,491 [INFO] PluginManager:220 - loadIPPluginJar : add pdm2pcm
2023-11-04 21:07:37,519 [INFO] IPUIPlugin:80 - create IPUIPlugin
2023-11-04 21:07:37,523 [INFO] PluginManager:220 - loadIPPluginJar : add plateformsettings
2023-11-04 21:07:37,551 [INFO] IPUIPlugin:80 - create IPUIPlugin
2023-11-04 21:07:37,551 [INFO] PluginManager:220 - loadIPPluginJar : add quadspi
2023-11-04 21:07:37,568 [INFO] IPUIPlugin:80 - create IPUIPlugin
2023-11-04 21:07:37,568 [INFO] PluginManager:220 - loadIPPluginJar : add resmgrutility
2023-11-04 21:07:37,646 [INFO] IPUIPlugin:80 - create IPUIPlugin
2023-11-04 21:07:37,646 [INFO] PluginManager:220 - loadIPPluginJar : add sai
2023-11-04 21:07:37,710 [INFO] IPUIPlugin:80 - create IPUIPlugin
2023-11-04 21:07:37,710 [INFO] PluginManager:220 - loadIPPluginJar : add spi
2023-11-04 21:07:37,740 [INFO] ThirdPartyUpdaterWithRetryManager:70 - Updater plugin not ready yet. [2/15]
2023-11-04 21:07:37,816 [INFO] IPUIPlugin:80 - create IPUIPlugin
2023-11-04 21:07:37,816 [INFO] PluginManager:220 - loadIPPluginJar : add stm32_wpan
2023-11-04 21:07:37,845 [INFO] IPUIPlugin:80 - create IPUIPlugin
2023-11-04 21:07:37,845 [INFO] PluginManager:220 - loadIPPluginJar : add tim
2023-11-04 21:07:37,934 [INFO] IPUIPlugin:80 - create IPUIPlugin
2023-11-04 21:07:37,934 [INFO] PluginManager:220 - loadIPPluginJar : add touchsensing
2023-11-04 21:07:37,968 [INFO] IPUIPlugin:80 - create IPUIPlugin
2023-11-04 21:07:37,969 [INFO] PluginManager:220 - loadIPPluginJar : add tracer_emb
2023-11-04 21:07:38,005 [INFO] IPUIPlugin:80 - create IPUIPlugin
2023-11-04 21:07:38,005 [INFO] PluginManager:220 - loadIPPluginJar : add ts
2023-11-04 21:07:38,035 [INFO] IPUIPlugin:80 - create IPUIPlugin
2023-11-04 21:07:38,035 [INFO] PluginManager:220 - loadIPPluginJar : add tsc
2023-11-04 21:07:38,070 [INFO] IPUIPlugin:80 - create IPUIPlugin
2023-11-04 21:07:38,070 [INFO] PluginManager:220 - loadIPPluginJar : add ucpd
2023-11-04 21:07:38,143 [INFO] IPUIPlugin:80 - create IPUIPlugin
2023-11-04 21:07:38,143 [INFO] PluginManager:220 - loadIPPluginJar : add usart
2023-11-04 21:07:38,220 [INFO] IPUIPlugin:80 - create IPUIPlugin
2023-11-04 21:07:38,221 [INFO] PluginManager:220 - loadIPPluginJar : add usbx
2023-11-04 21:07:38,386 [INFO] CADModel:165 - CPN selected for project level
2023-11-04 21:07:38,386 [INFO] CADModel:114 - Register for checkConnection events
2023-11-04 21:07:38,386 [FATAL] Updater:308 - Updater called before beeing initialized
2023-11-04 21:07:38,386 [ERROR] CADModel:125 - Updater not yet initialized, retry later 
2023-11-04 21:07:38,590 [INFO] CADModel:165 - CPN selected for project level
2023-11-04 21:07:38,590 [INFO] CADModel:114 - Register for checkConnection events
2023-11-04 21:07:38,591 [FATAL] Updater:308 - Updater called before beeing initialized
2023-11-04 21:07:38,591 [ERROR] CADModel:125 - Updater not yet initialized, retry later 
2023-11-04 21:07:38,596 [FATAL] Updater:308 - Updater called before beeing initialized
2023-11-04 21:07:38,770 [FATAL] Updater:308 - Updater called before beeing initialized
2023-11-04 21:07:38,790 [INFO] DbMcusAds:53 - JSON generation date=Tue Mar 07 14:50:55 BDT 2023 (1678179055335)
2023-11-04 21:07:38,790 [FATAL] Updater:308 - Updater called before beeing initialized
2023-11-04 21:07:38,961 [WARN] DetailPanel:346 - Failed to get advertising image, set to default
2023-11-04 21:07:39,105 [FATAL] Updater:308 - Updater called before beeing initialized
2023-11-04 21:07:39,108 [FATAL] Updater:308 - Updater called before beeing initialized
2023-11-04 21:07:39,108 [FATAL] Updater:308 - Updater called before beeing initialized
2023-11-04 21:07:39,108 [WARN] DetailPanel:346 - Failed to get advertising image, set to default
2023-11-04 21:07:39,109 [FATAL] Updater:308 - Updater called before beeing initialized
2023-11-04 21:07:39,206 [ERROR] Updater:1120 - MainUpdater not yet initialized. External WinMGr cannot be set.
2023-11-04 21:07:39,227 [INFO] Updater:1056 - Updater Version found : 6.9.1
2023-11-04 21:07:39,256 [INFO] ApplicationProperties:184 - Using Application install path: C:\ST\STM32CubeIDE_1.13.1\STM32CubeIDE\plugins\com.st.stm32cube.common.mx_6.9.1.202307191849
2023-11-04 21:07:39,685 [INFO] MainUpdater:2868 - connection check result : 10
2023-11-04 21:07:39,687 [INFO] MainUpdater:285 - Updater Check For Update Now.
2023-11-04 21:07:39,687 [INFO] MicroXplorer:498 - Change Database Version : DB.6.0.91
2023-11-04 21:07:39,711 [INFO] McuFinderGlobals:63 - Set McuFinder mode to 2 (CubeIDE integrated)
2023-11-04 21:07:39,956 [INFO] CheckServerUpdateThread:120 - End of CheckServer Thread
2023-11-04 21:07:41,018 [WARN] PackLoader:240 - Cannot read IP mode file for STMicroelectronics.X-CUBE-SMBUS.2.1.0
2023-11-04 21:07:41,091 [WARN] PackLoader:240 - Cannot read IP mode file for STMicroelectronics.X-CUBE-AZRTOS-F7.1.1.0
2023-11-04 21:07:41,121 [WARN] PackLoader:240 - Cannot read IP mode file for STMicroelectronics.FP-SNS-MOTENV1.4.3.2
2023-11-04 21:07:41,147 [WARN] PackLoader:240 - Cannot read IP mode file for STMicroelectronics.FP-SNS-FLIGHT1.5.0.2
2023-11-04 21:07:41,174 [WARN] PackLoader:240 - Cannot read IP mode file for STMicroelectronics.X-CUBE-DISPLAY.3.0.0
2023-11-04 21:07:41,205 [WARN] PackLoader:240 - Cannot read IP mode file for STMicroelectronics.X-CUBE-BLE1.7.0.0
2023-11-04 21:07:41,225 [WARN] PackLoader:240 - Cannot read IP mode file for emotas.I-CUBE-CANOPEN.1.3.0
2023-11-04 21:07:41,244 [WARN] PackLoader:240 - Cannot read IP mode file for STMicroelectronics.X-CUBE-TOUCHGFX.4.22.1
2023-11-04 21:07:41,425 [WARN] PackLoader:240 - Cannot read IP mode file for STMicroelectronics.FP-SNS-SMARTAG2.1.2.0
2023-11-04 21:07:41,630 [INFO] LogOutputStream:77 - [STDOUT_REDIRECT] 1 : Invalid condition id : UX_CORESTACK_Condition cause : null
2023-11-04 21:07:41,631 [INFO] LogOutputStream:77 - [STDOUT_REDIRECT] 1 : Invalid condition id : UX_CORESTACK_Condition cause : null
2023-11-04 21:07:41,633 [INFO] LogOutputStream:77 - [STDOUT_REDIRECT] 1 : Invalid condition id : UX_CORESTACK_Condition cause : null
2023-11-04 21:07:41,637 [INFO] LogOutputStream:77 - [STDOUT_REDIRECT] 1 : Invalid condition id : UX_CORESTACK_Condition cause : null
2023-11-04 21:07:41,639 [INFO] LogOutputStream:77 - [STDOUT_REDIRECT] 1 : Invalid condition id : UX_CORESTACK_Condition cause : null
2023-11-04 21:07:41,648 [WARN] PackLoader:240 - Cannot read IP mode file for STMicroelectronics.X-CUBE-AZRTOS-WL.2.0.0
2023-11-04 21:07:41,745 [WARN] PackLoader:240 - Cannot read IP mode file for WES.I-CUBE-Cesium.1.3.0
2023-11-04 21:07:41,821 [WARN] PackLoader:240 - Cannot read IP mode file for STMicroelectronics.X-CUBE-BLE2.3.3.0
2023-11-04 21:07:41,863 [WARN] PackLoader:240 - Cannot read IP mode file for STMicroelectronics.X-CUBE-ALGOBUILD.1.3.0
2023-11-04 21:07:41,914 [WARN] PackLoader:240 - Cannot read IP mode file for STMicroelectronics.X-CUBE-AZRTOS-G0.1.1.0
2023-11-04 21:07:41,939 [WARN] PackLoader:240 - Cannot read IP mode file for STMicroelectronics.X-CUBE-NFC4.3.0.0
2023-11-04 21:07:41,968 [WARN] PackLoader:240 - Cannot read IP mode file for STMicroelectronics.X-CUBE-BLEMGR.3.0.0
2023-11-04 21:07:42,019 [WARN] PackLoader:240 - Cannot read IP mode file for STMicroelectronics.FP-ATR-SIGFOX1.3.2.0
2023-11-04 21:07:42,062 [WARN] PackLoader:240 - Cannot read IP mode file for STMicroelectronics.X-CUBE-GNSS1.6.0.0
2023-11-04 21:07:42,150 [WARN] PackLoader:240 - Cannot read IP mode file for STMicroelectronics.X-CUBE-AZRTOS-F4.1.1.0
2023-11-04 21:07:42,173 [WARN] PackLoader:240 - Cannot read IP mode file for wolfSSL.I-CUBE-wolfSSL.5.6.3
2023-11-04 21:07:42,225 [WARN] PackLoader:240 - Cannot read IP mode file for STMicroelectronics.X-CUBE-AZRTOS-L5.2.0.0
2023-11-04 21:07:42,267 [WARN] PackLoader:240 - Cannot read IP mode file for STMicroelectronics.X-CUBE-EEPRMA1.4.2.0
2023-11-04 21:07:42,289 [WARN] PackLoader:240 - Cannot read IP mode file for ITTIA_DB.I-CUBE-ITTIADB.8.8.0
2023-11-04 21:07:42,340 [WARN] ConditionMgr:438 - getConditionDescription Invalid condition id : UX DEVICE CLASS RTOS Condition cause : null
2023-11-04 21:07:42,340 [WARN] ConditionMgr:438 - getConditionDescription Invalid condition id : UX DEVICE CLASS RTOS Condition cause : null
2023-11-04 21:07:42,346 [WARN] PackLoader:240 - Cannot read IP mode file for STMicroelectronics.X-CUBE-AZRTOS-H7.3.1.0
2023-11-04 21:07:42,347 [WARN] ConditionMgr:1039 - genDependencies : Invalid condition id : UX DEVICE CLASS RTOS Condition cause : null
2023-11-04 21:07:42,348 [WARN] ConditionMgr:1039 - genDependencies : Invalid condition id : UX DEVICE CLASS RTOS Condition cause : null
2023-11-04 21:07:42,349 [WARN] ConditionMgr:1039 - genDependencies : Invalid condition id : UX DEVICE CLASS RTOS Condition cause : null
2023-11-04 21:07:42,349 [WARN] ConditionMgr:1039 - genDependencies : Invalid condition id : UX DEVICE CLASS RTOS Condition cause : null
2023-11-04 21:07:42,350 [WARN] ConditionMgr:1039 - genDependencies : Invalid condition id : UX DEVICE CLASS RTOS Condition cause : null
2023-11-04 21:07:42,373 [WARN] PackLoader:240 - Cannot read IP mode file for STMicroelectronics.X-CUBE-NFC7.1.0.1
2023-11-04 21:07:42,398 [WARN] PackLoader:240 - Cannot read IP mode file for STMicroelectronics.X-CUBE-NFC6.3.0.0
2023-11-04 21:07:42,420 [WARN] PackLoader:240 - Cannot read IP mode file for STMicroelectronics.X-CUBE-AI.8.1.0
2023-11-04 21:07:42,469 [WARN] ConditionMgr:438 - getConditionDescription Invalid condition id : LAN8742 Phy interface Condition cause : null
2023-11-04 21:07:42,470 [WARN] PackLoader:240 - Cannot read IP mode file for STMicroelectronics.X-CUBE-AZRTOS-L4.2.0.0
2023-11-04 21:07:42,472 [WARN] ConditionMgr:1039 - genDependencies : Invalid condition id : LAN8742 Phy interface Condition cause : null
2023-11-04 21:07:42,473 [WARN] ConditionMgr:1039 - genDependencies : Invalid condition id : LAN8742 Phy interface Condition cause : null
2023-11-04 21:07:42,474 [WARN] ConditionMgr:1039 - genDependencies : Invalid condition id : LAN8742 Phy interface Condition cause : null
2023-11-04 21:07:42,503 [WARN] PackLoader:240 - Cannot read IP mode file for STMicroelectronics.X-CUBE-SFXS2LP1.4.0.0
2023-11-04 21:07:42,529 [WARN] PackLoader:240 - Cannot read IP mode file for STMicroelectronics.X-CUBE-ISPU.1.1.0
2023-11-04 21:07:42,586 [WARN] ConditionMgr:438 - getConditionDescription Invalid condition id : UX DEVICE CLASS RTOS Condition cause : null
2023-11-04 21:07:42,587 [WARN] ConditionMgr:438 - getConditionDescription Invalid condition id : UX DEVICE CLASS RTOS Condition cause : null
2023-11-04 21:07:42,590 [WARN] PackLoader:240 - Cannot read IP mode file for STMicroelectronics.X-CUBE-AZRTOS-WB.2.0.0
2023-11-04 21:07:42,591 [WARN] ConditionMgr:1039 - genDependencies : Invalid condition id : UX DEVICE CLASS RTOS Condition cause : null
2023-11-04 21:07:42,591 [WARN] ConditionMgr:1039 - genDependencies : Invalid condition id : UX DEVICE CLASS RTOS Condition cause : null
2023-11-04 21:07:42,592 [WARN] ConditionMgr:1039 - genDependencies : Invalid condition id : UX DEVICE CLASS RTOS Condition cause : null
2023-11-04 21:07:42,593 [WARN] ConditionMgr:1039 - genDependencies : Invalid condition id : UX DEVICE CLASS RTOS Condition cause : null
2023-11-04 21:07:42,593 [WARN] ConditionMgr:1039 - genDependencies : Invalid condition id : UX DEVICE CLASS RTOS Condition cause : null
2023-11-04 21:07:42,627 [WARN] PackLoader:240 - Cannot read IP mode file for STMicroelectronics.X-CUBE-SUBG2.5.0.0
2023-11-04 21:07:42,669 [WARN] PackLoader:240 - Cannot read IP mode file for STMicroelectronics.X-CUBE-TOF1.3.3.1
2023-11-04 21:07:42,937 [WARN] PackLoader:240 - Cannot read IP mode file for STMicroelectronics.X-CUBE-AZRTOS-G4.2.0.0
2023-11-04 21:07:42,981 [WARN] PackLoader:240 - Cannot read IP mode file for Infineon.AIROC-Wi-Fi-Bluetooth-STM32.1.5.1
2023-11-04 21:07:43,074 [WARN] PackLoader:240 - Cannot read IP mode file for STMicroelectronics.X-CUBE-MEMS1.10.0.0
2023-11-04 21:07:43,313 [WARN] PackLoader:240 - Cannot read IP mode file for STMicroelectronics.X-CUBE-FREERTOS.1.1.0
2023-11-04 21:07:43,334 [WARN] PackLoader:240 - Cannot read IP mode file for portGmbH.I-Cube-SoM-uGOAL.1.1.0
2023-11-04 21:07:43,352 [WARN] PackLoader:240 - Cannot read IP mode file for STMicroelectronics.X-CUBE-ALS.1.0.1
2023-11-04 21:07:43,369 [WARN] PackLoader:240 - Cannot read IP mode file for STMicroelectronics.FP-ATR-ASTRA1.2.0.0
2023-11-04 21:07:43,371 [INFO] ThirdParty:978 - Integrity check success = true
2023-11-04 21:07:43,371 [INFO] IntegrityCheckThread:100 - exiting critical section [integrity check]
2023-11-04 21:07:43,371 [INFO] IntegrityCheckThread:103 - End integrity checks thread
2023-11-04 21:08:02,580 [ERROR] LogOutputStream:75 - [STDERR_REDIRECT] SLF4J: Failed to load class "org.slf4j.impl.StaticLoggerBinder".
2023-11-04 21:08:02,581 [ERROR] LogOutputStream:75 - [STDERR_REDIRECT] SLF4J: Defaulting to no-operation (NOP) logger implementation
2023-11-04 21:08:02,584 [ERROR] LogOutputStream:75 - [STDERR_REDIRECT] SLF4J: See http://www.slf4j.org/codes.html#StaticLoggerBinder for further details.
